{
  "uid" : "4264da4fa9d97ff0",
  "name" : "searchForQueryAndAssertFirstResultTextIsCorrect",
  "fullName" : "tests.gui.google.C_Search_PageObjectModel_Traditional.searchForQueryAndAssertFirstResultTextIsCorrect",
  "historyId" : "296d92807bae1c82c68520f589dc80a9",
  "time" : {
    "start" : 1645234605435,
    "stop" : 1645234633559,
    "duration" : 28124
  },
  "status" : "failed",
  "statusMessage" : "Element Action [IdentifyUniqueElement] failed. With the following test data [zero elements found matching this locator \"By.xpath: (//h1[contains(text(),'Search Result')]/following-sibling::div//a/h3)[1]\".].",
  "statusTrace" : "java.lang.AssertionError: Element Action [IdentifyUniqueElement] failed. With the following test data [zero elements found matching this locator \"By.xpath: (//h1[contains(text(),'Search Result')]/following-sibling::div//a/h3)[1]\".].\n\tat org.testng.Assert.fail(Assert.java:110)\n\tat com.shaft.gui.element.WebDriverElementActions.failAction(WebDriverElementActions.java:1467)\n\tat com.shaft.gui.element.WebDriverElementActions.failAction(WebDriverElementActions.java:1309)\n\tat com.shaft.gui.element.WebDriverElementActions.identifyUniqueElement(WebDriverElementActions.java:1538)\n\tat com.shaft.gui.element.WebDriverElementActions.identifyUniqueElement(WebDriverElementActions.java:1325)\n\tat com.shaft.gui.element.WebDriverElementActions.getText(WebDriverElementActions.java:660)\n\tat com.shaft.gui.element.ElementActions.getText(ElementActions.java:319)\n\tat objectModels.gui.google.Results.getSearchResultText(Results.java:21)\n\tat tests.gui.google.C_Search_PageObjectModel_Traditional.searchForQueryAndAssertFirstResultTextIsCorrect(C_Search_PageObjectModel_Traditional.java:36)\n\tat java.base/jdk.internal.reflect.NativeMethodAccessorImpl.invoke0(Native Method)\n\tat java.base/jdk.internal.reflect.NativeMethodAccessorImpl.invoke(NativeMethodAccessorImpl.java:77)\n\tat java.base/jdk.internal.reflect.DelegatingMethodAccessorImpl.invoke(DelegatingMethodAccessorImpl.java:43)\n\tat java.base/java.lang.reflect.Method.invoke(Method.java:568)\n\tat org.testng.internal.invokers.MethodInvocationHelper.invokeMethod(MethodInvocationHelper.java:135)\n\tat org.testng.internal.invokers.TestInvoker.invokeMethod(TestInvoker.java:673)\n\tat org.testng.internal.invokers.TestInvoker.invokeTestMethod(TestInvoker.java:220)\n\tat org.testng.internal.invokers.MethodRunner.runInSequence(MethodRunner.java:50)\n\tat org.testng.internal.invokers.TestInvoker$MethodInvocationAgent.invoke(TestInvoker.java:945)\n\tat org.testng.internal.invokers.TestInvoker.invokeTestMethods(TestInvoker.java:193)\n\tat org.testng.internal.invokers.TestMethodWorker.invokeTestMethods(TestMethodWorker.java:146)\n\tat org.testng.internal.invokers.TestMethodWorker.run(TestMethodWorker.java:128)\n\tat java.base/java.util.ArrayList.forEach(ArrayList.java:1511)\n\tat org.testng.TestRunner.privateRun(TestRunner.java:808)\n\tat org.testng.TestRunner.run(TestRunner.java:603)\n\tat org.testng.SuiteRunner.runTest(SuiteRunner.java:429)\n\tat org.testng.SuiteRunner.runSequentially(SuiteRunner.java:423)\n\tat org.testng.SuiteRunner.privateRun(SuiteRunner.java:383)\n\tat org.testng.SuiteRunner.run(SuiteRunner.java:326)\n\tat org.testng.SuiteRunnerWorker.runSuite(SuiteRunnerWorker.java:52)\n\tat org.testng.SuiteRunnerWorker.run(SuiteRunnerWorker.java:95)\n\tat org.testng.TestNG.runSuitesSequentially(TestNG.java:1249)\n\tat org.testng.TestNG.runSuitesLocally(TestNG.java:1169)\n\tat org.testng.TestNG.runSuites(TestNG.java:1092)\n\tat org.testng.TestNG.run(TestNG.java:1060)\n\tat org.apache.maven.surefire.testng.TestNGExecutor.run(TestNGExecutor.java:136)\n\tat org.apache.maven.surefire.testng.TestNGDirectoryTestSuite.executeMulti(TestNGDirectoryTestSuite.java:193)\n\tat org.apache.maven.surefire.testng.TestNGDirectoryTestSuite.execute(TestNGDirectoryTestSuite.java:94)\n\tat org.apache.maven.surefire.testng.TestNGProvider.invoke(TestNGProvider.java:145)\n\tat org.apache.maven.surefire.booter.ForkedBooter.runSuitesInProcess(ForkedBooter.java:428)\n\tat org.apache.maven.surefire.booter.ForkedBooter.execute(ForkedBooter.java:162)\n\tat org.apache.maven.surefire.booter.ForkedBooter.run(ForkedBooter.java:562)\n\tat org.apache.maven.surefire.booter.ForkedBooter.main(ForkedBooter.java:548)\n",
  "flaky" : false,
  "newFailed" : false,
  "beforeStages" : [ {
    "name" : "beforeMethod",
    "time" : {
      "start" : 1645234603468,
      "stop" : 1645234605433,
      "duration" : 1965
    },
    "description" : "",
    "status" : "passed",
    "steps" : [ {
      "name" : "Attempting to run remotely on: [Linux-64], [GoogleChrome], [http://localhost:4444/wd/hub], Headless Execution.",
      "time" : {
        "start" : 1645234603468,
        "stop" : 1645234603469,
        "duration" : 1
      },
      "status" : "passed",
      "steps" : [ ],
      "attachments" : [ ],
      "parameters" : [ {
        "name" : "actionCounter",
        "value" : "14"
      }, {
        "name" : "logText",
        "value" : "Attempting to run remotely on: [Linux-64], [GoogleChrome], [http://localhost:4444/wd/hub], Headless Execution."
      } ],
      "stepsCount" : 0,
      "attachmentsCount" : 0,
      "shouldDisplayMessage" : false,
      "hasContent" : true
    }, {
      "name" : "Successfully Opened [GoogleChrome].",
      "time" : {
        "start" : 1645234603885,
        "stop" : 1645234603886,
        "duration" : 1
      },
      "status" : "passed",
      "steps" : [ ],
      "attachments" : [ ],
      "parameters" : [ {
        "name" : "actionCounter",
        "value" : "15"
      }, {
        "name" : "logText",
        "value" : "Successfully Opened [GoogleChrome]."
      } ],
      "stepsCount" : 0,
      "attachmentsCount" : 0,
      "shouldDisplayMessage" : false,
      "hasContent" : true
    }, {
      "name" : "Browser Action [NavigateToURL] successfully performed. With the following test data [https://www.google.com/ncr].",
      "time" : {
        "start" : 1645234605432,
        "stop" : 1645234605433,
        "duration" : 1
      },
      "status" : "passed",
      "steps" : [ ],
      "attachments" : [ ],
      "parameters" : [ {
        "name" : "actionCounter",
        "value" : "16"
      }, {
        "name" : "logText",
        "value" : "Browser Action [NavigateToURL] successfully performed. With the following test data [https://www.google.com/ncr]."
      }, {
        "name" : "attachments",
        "value" : "[null]"
      } ],
      "stepsCount" : 0,
      "attachmentsCount" : 0,
      "shouldDisplayMessage" : false,
      "hasContent" : true
    } ],
    "attachments" : [ ],
    "parameters" : [ ],
    "stepsCount" : 3,
    "attachmentsCount" : 0,
    "shouldDisplayMessage" : false,
    "hasContent" : true
  }, {
    "name" : "setupActivities",
    "time" : {
      "start" : 1645234595807,
      "stop" : 1645234596662,
      "duration" : 855
    },
    "description" : "",
    "status" : "passed",
    "steps" : [ {
      "name" : "Folder [extent-reports] was not found, it may have already been deleted.",
      "time" : {
        "start" : 1645234595945,
        "stop" : 1645234595947,
        "duration" : 2
      },
      "status" : "passed",
      "steps" : [ ],
      "attachments" : [ ],
      "parameters" : [ {
        "name" : "actionCounter",
        "value" : "1"
      }, {
        "name" : "logText",
        "value" : "Folder [extent-reports] was not found, it may have already been deleted."
      } ],
      "stepsCount" : 0,
      "attachmentsCount" : 0,
      "shouldDisplayMessage" : false,
      "hasContent" : true
    } ],
    "attachments" : [ {
      "uid" : "d802c87e9f52ce96",
      "name" : "Attachment: SHAFT Links - Important",
      "source" : "d802c87e9f52ce96.uri",
      "type" : "text/uri-list",
      "size" : 346
    }, {
      "uid" : "3123a68f79b1a85d",
      "name" : "Attachment: Properties - ExecutionPlatform",
      "source" : "3123a68f79b1a85d.properties",
      "type" : "text/plain",
      "size" : 394
    } ],
    "parameters" : [ ],
    "stepsCount" : 1,
    "attachmentsCount" : 2,
    "shouldDisplayMessage" : false,
    "hasContent" : true
  } ],
  "testStage" : {
    "status" : "failed",
    "statusMessage" : "Element Action [IdentifyUniqueElement] failed. With the following test data [zero elements found matching this locator \"By.xpath: (//h1[contains(text(),'Search Result')]/following-sibling::div//a/h3)[1]\".].",
    "statusTrace" : "java.lang.AssertionError: Element Action [IdentifyUniqueElement] failed. With the following test data [zero elements found matching this locator \"By.xpath: (//h1[contains(text(),'Search Result')]/following-sibling::div//a/h3)[1]\".].\n\tat org.testng.Assert.fail(Assert.java:110)\n\tat com.shaft.gui.element.WebDriverElementActions.failAction(WebDriverElementActions.java:1467)\n\tat com.shaft.gui.element.WebDriverElementActions.failAction(WebDriverElementActions.java:1309)\n\tat com.shaft.gui.element.WebDriverElementActions.identifyUniqueElement(WebDriverElementActions.java:1538)\n\tat com.shaft.gui.element.WebDriverElementActions.identifyUniqueElement(WebDriverElementActions.java:1325)\n\tat com.shaft.gui.element.WebDriverElementActions.getText(WebDriverElementActions.java:660)\n\tat com.shaft.gui.element.ElementActions.getText(ElementActions.java:319)\n\tat objectModels.gui.google.Results.getSearchResultText(Results.java:21)\n\tat tests.gui.google.C_Search_PageObjectModel_Traditional.searchForQueryAndAssertFirstResultTextIsCorrect(C_Search_PageObjectModel_Traditional.java:36)\n\tat java.base/jdk.internal.reflect.NativeMethodAccessorImpl.invoke0(Native Method)\n\tat java.base/jdk.internal.reflect.NativeMethodAccessorImpl.invoke(NativeMethodAccessorImpl.java:77)\n\tat java.base/jdk.internal.reflect.DelegatingMethodAccessorImpl.invoke(DelegatingMethodAccessorImpl.java:43)\n\tat java.base/java.lang.reflect.Method.invoke(Method.java:568)\n\tat org.testng.internal.invokers.MethodInvocationHelper.invokeMethod(MethodInvocationHelper.java:135)\n\tat org.testng.internal.invokers.TestInvoker.invokeMethod(TestInvoker.java:673)\n\tat org.testng.internal.invokers.TestInvoker.invokeTestMethod(TestInvoker.java:220)\n\tat org.testng.internal.invokers.MethodRunner.runInSequence(MethodRunner.java:50)\n\tat org.testng.internal.invokers.TestInvoker$MethodInvocationAgent.invoke(TestInvoker.java:945)\n\tat org.testng.internal.invokers.TestInvoker.invokeTestMethods(TestInvoker.java:193)\n\tat org.testng.internal.invokers.TestMethodWorker.invokeTestMethods(TestMethodWorker.java:146)\n\tat org.testng.internal.invokers.TestMethodWorker.run(TestMethodWorker.java:128)\n\tat java.base/java.util.ArrayList.forEach(ArrayList.java:1511)\n\tat org.testng.TestRunner.privateRun(TestRunner.java:808)\n\tat org.testng.TestRunner.run(TestRunner.java:603)\n\tat org.testng.SuiteRunner.runTest(SuiteRunner.java:429)\n\tat org.testng.SuiteRunner.runSequentially(SuiteRunner.java:423)\n\tat org.testng.SuiteRunner.privateRun(SuiteRunner.java:383)\n\tat org.testng.SuiteRunner.run(SuiteRunner.java:326)\n\tat org.testng.SuiteRunnerWorker.runSuite(SuiteRunnerWorker.java:52)\n\tat org.testng.SuiteRunnerWorker.run(SuiteRunnerWorker.java:95)\n\tat org.testng.TestNG.runSuitesSequentially(TestNG.java:1249)\n\tat org.testng.TestNG.runSuitesLocally(TestNG.java:1169)\n\tat org.testng.TestNG.runSuites(TestNG.java:1092)\n\tat org.testng.TestNG.run(TestNG.java:1060)\n\tat org.apache.maven.surefire.testng.TestNGExecutor.run(TestNGExecutor.java:136)\n\tat org.apache.maven.surefire.testng.TestNGDirectoryTestSuite.executeMulti(TestNGDirectoryTestSuite.java:193)\n\tat org.apache.maven.surefire.testng.TestNGDirectoryTestSuite.execute(TestNGDirectoryTestSuite.java:94)\n\tat org.apache.maven.surefire.testng.TestNGProvider.invoke(TestNGProvider.java:145)\n\tat org.apache.maven.surefire.booter.ForkedBooter.runSuitesInProcess(ForkedBooter.java:428)\n\tat org.apache.maven.surefire.booter.ForkedBooter.execute(ForkedBooter.java:162)\n\tat org.apache.maven.surefire.booter.ForkedBooter.run(ForkedBooter.java:562)\n\tat org.apache.maven.surefire.booter.ForkedBooter.main(ForkedBooter.java:548)\n",
    "steps" : [ {
      "name" : "Element Action [Type] successfully performed. With the following test data [SHAFT_Engine].",
      "time" : {
        "start" : 1645234606320,
        "stop" : 1645234606321,
        "duration" : 1
      },
      "status" : "passed",
      "steps" : [ ],
      "attachments" : [ ],
      "parameters" : [ {
        "name" : "actionCounter",
        "value" : "17"
      }, {
        "name" : "logText",
        "value" : "Element Action [Type] successfully performed. With the following test data [SHAFT_Engine]."
      } ],
      "stepsCount" : 0,
      "attachmentsCount" : 0,
      "shouldDisplayMessage" : false,
      "hasContent" : true
    }, {
      "name" : "Element Action [KeyPress] successfully performed. With the following test data [ENTER].",
      "time" : {
        "start" : 1645234607148,
        "stop" : 1645234607148,
        "duration" : 0
      },
      "status" : "passed",
      "steps" : [ ],
      "attachments" : [ ],
      "parameters" : [ {
        "name" : "actionCounter",
        "value" : "18"
      }, {
        "name" : "logText",
        "value" : "Element Action [KeyPress] successfully performed. With the following test data [ENTER]."
      } ],
      "stepsCount" : 0,
      "attachmentsCount" : 0,
      "shouldDisplayMessage" : false,
      "hasContent" : true
    }, {
      "name" : "Element Action [IdentifyUniqueElement] failed. With the following test data [zero elements found matching this locator \"By.xpath: (//h1[contains(text(),'Search Result')]/following-sibling::div//a/h3)[1]\".].",
      "time" : {
        "start" : 1645234633520,
        "stop" : 1645234633540,
        "duration" : 20
      },
      "status" : "passed",
      "steps" : [ ],
      "attachments" : [ {
        "uid" : "c455bf50581b9bdd",
        "name" : "Attachment: Screenshot - 1645234633120_searchForQueryAndAssertFirstResultTextIsCorrect_IdentifyUniqueElement_failed",
        "source" : "c455bf50581b9bdd.png",
        "type" : "image/png",
        "size" : 55258
      } ],
      "parameters" : [ {
        "name" : "actionCounter",
        "value" : "19"
      }, {
        "name" : "logText",
        "value" : "Element Action [IdentifyUniqueElement] failed. With the following test data [zero elements found matching this locator \"By.xpath: (//h1[contains(text(),'Search Result')]/following-sibling::div//a/h3)[1]\".]."
      }, {
        "name" : "attachments",
        "value" : "[[Screenshot, 1645234633120_searchForQueryAndAssertFirstResultTextIsCorrect_IdentifyUniqueElement_failed, java.io.ByteArrayInputStream@4df8443f]]"
      } ],
      "stepsCount" : 0,
      "attachmentsCount" : 1,
      "shouldDisplayMessage" : false,
      "hasContent" : true
    } ],
    "attachments" : [ {
      "uid" : "b6f99982fc818c53",
      "name" : "Attachment: SHAFT Engine Logs - Current Method log: searchForQueryAndAssertFirstResultTextIsCorrect",
      "source" : "b6f99982fc818c53.txt",
      "type" : "text/plain",
      "size" : 10986
    } ],
    "parameters" : [ ],
    "stepsCount" : 3,
    "attachmentsCount" : 2,
    "shouldDisplayMessage" : true,
    "hasContent" : true
  },
  "afterStages" : [ {
    "name" : "afterMethod",
    "time" : {
      "start" : 1645234633571,
      "stop" : 1645234633693,
      "duration" : 122
    },
    "description" : "",
    "status" : "passed",
    "steps" : [ {
      "name" : "Browser Action [CloseCurrentWindow] successfully performed.",
      "time" : {
        "start" : 1645234633692,
        "stop" : 1645234633693,
        "duration" : 1
      },
      "status" : "passed",
      "steps" : [ ],
      "attachments" : [ {
        "uid" : "bfe3965b2abb204e",
        "name" : "Attachment: Browser Action Test Data - CloseCurrentWindow - Actual Value",
        "source" : "bfe3965b2abb204e.html",
        "type" : "text/html",
        "size" : 6631
      } ],
      "parameters" : [ {
        "name" : "actionCounter",
        "value" : "20"
      }, {
        "name" : "logText",
        "value" : "Browser Action [CloseCurrentWindow] successfully performed."
      }, {
        "name" : "attachments",
        "value" : "[[Browser Action Test Data - CloseCurrentWindow, Actual Value, <html><head><meta http-equiv=\"content-type\" content=\"text/html; charset=utf-8\"><meta name=\"viewport\" content=\"initial-scale=1\"><title>https://www.google.com/search?q=SHAFT_Engine&amp;source=hp&amp;ei=rEkQYuf_Cc2yqtsP0L6JuAI&amp;iflsig=AHkkrS4AAAAAYhBXvDvLyjG5rtkNm8o5MuS--_D1FEFA&amp;ved=0ahUKEwjnhZ3B0Ir2AhVNmWoFHVBfAicQ4dUDCAk&amp;uact=5&amp;oq=SHAFT_Engine&amp;gs_lcp=Cgdnd3Mtd2l6EAMyBAgAEAoyBAgAEAoyBAgAEAoyBAgAEAoyBwgAEMkDEB4yBAgAEB4yCAgAEAUQChAeMggIABAFEAoQHlAAWENgzgNoAHAAeAGAAU-IAf0BkgEBNJgBAKABAQ&amp;sclient=gws-wiz</title></head>\n<body style=\"font-family: arial, sans-serif; background-color: #fff; color: #000; padding:20px; font-size:18px;\" onload=\"e=document.getElementById('captcha');if(e){e.focus();} if(solveSimpleChallenge) {solveSimpleChallenge(,);}\">\n<div style=\"max-width:400px;\">\n<hr noshade=\"\" size=\"1\" style=\"color:#ccc; background-color:#ccc;\"><br>\n<form id=\"captcha-form\" action=\"index\" method=\"post\">\n<noscript>\n<div style=\"font-size:13px;\">\n  In order to continue, please enable javascript on your web browser.\n</div>\n</noscript>\n<script type=\"text/javascript\" async=\"\" src=\"https://www.gstatic.com/recaptcha/releases/1B_yv3CBEV10KtI2HJ6eEXhJ/recaptcha__en.js\" crossorigin=\"anonymous\" integrity=\"sha384-S2LGmX4/CwtiRBHR9Jff17G3SCVE4jK5G1X5NkcvSGWf01pJQ9TgEi/XTLkaKO2w\"></script><script src=\"https://www.google.com/recaptcha/api.js\" async=\"\" defer=\"\"></script>\n<script>var submitCallback = function(response) {document.getElementById('captcha-form').submit();};</script>\n<div id=\"recaptcha\" class=\"g-recaptcha\" data-sitekey=\"6LfwuyUTAAAAAOAmoS0fdqijC2PbbdH4kjq62Y1b\" data-callback=\"submitCallback\" data-s=\"2xAtVhDYPrHug0Px1CRZVN51k6X-7i7WDelOF44G0lrFZuPu9bi_lFO8QzLp9Fb6VIEDKsokpSbH6molfrp7qh_mbqzlqQqETXCLBewLc81aD6jwG0NAoOn5ca1b_-4raxkHzn_w3qseREYk4SPqAI0LaoChBscj7ouBwxewkJv0FFQaPAmfmqBnAsLlj-zbEHWn8ydVLrNE_zQSFd5qELStD3KSEO1fpFwg7kI\"><div style=\"width: 304px; height: 78px;\"><div><iframe title=\"reCAPTCHA\" src=\"https://www.google.com/recaptcha/api2/anchor?ar=1&amp;k=6LfwuyUTAAAAAOAmoS0fdqijC2PbbdH4kjq62Y1b&amp;co=aHR0cHM6Ly93d3cuZ29vZ2xlLmNvbTo0NDM.&amp;hl=en&amp;v=1B_yv3CBEV10KtI2HJ6eEXhJ&amp;size=normal&amp;s=2xAtVhDYPrHug0Px1CRZVN51k6X-7i7WDelOF44G0lrFZuPu9bi_lFO8QzLp9Fb6VIEDKsokpSbH6molfrp7qh_mbqzlqQqETXCLBewLc81aD6jwG0NAoOn5ca1b_-4raxkHzn_w3qseREYk4SPqAI0LaoChBscj7ouBwxewkJv0FFQaPAmfmqBnAsLlj-zbEHWn8ydVLrNE_zQSFd5qELStD3KSEO1fpFwg7kI&amp;cb=aw8g1vat5bab\" width=\"304\" height=\"78\" role=\"presentation\" name=\"a-2s18uwuuje6\" frameborder=\"0\" scrolling=\"no\" sandbox=\"allow-forms allow-popups allow-same-origin allow-scripts allow-top-navigation allow-modals allow-popups-to-escape-sandbox\"></iframe></div><textarea id=\"g-recaptcha-response\" name=\"g-recaptcha-response\" class=\"g-recaptcha-response\" style=\"width: 250px; height: 40px; border: 1px solid rgb(193, 193, 193); margin: 10px 25px; padding: 0px; resize: none; display: none;\"></textarea></div><iframe style=\"display: none;\"></iframe></div>\n\n<input type=\"hidden\" name=\"q\" value=\"EgQUYQ-rGK6TwZAGIhD_iu6_uaWk7gQBxHhZyYQ1MgFy\"><input type=\"hidden\" name=\"continue\" value=\"https://www.google.com/search?q=SHAFT_Engine&amp;source=hp&amp;ei=rEkQYuf_Cc2yqtsP0L6JuAI&amp;iflsig=AHkkrS4AAAAAYhBXvDvLyjG5rtkNm8o5MuS--_D1FEFA&amp;ved=0ahUKEwjnhZ3B0Ir2AhVNmWoFHVBfAicQ4dUDCAk&amp;uact=5&amp;oq=SHAFT_Engine&amp;gs_lcp=Cgdnd3Mtd2l6EAMyBAgAEAoyBAgAEAoyBAgAEAoyBAgAEAoyBwgAEMkDEB4yBAgAEB4yCAgAEAUQChAeMggIABAFEAoQHlAAWENgzgNoAHAAeAGAAU-IAf0BkgEBNJgBAKABAQ&amp;sclient=gws-wiz\">\n</form>\n<hr noshade=\"\" size=\"1\" style=\"color:#ccc; background-color:#ccc;\">\n\n<div style=\"font-size:13px;\">\n<b>About this page</b><br><br>\n\nOur systems have detected unusual traffic from your computer network.  This page checks to see if it's really you sending the requests, and not a robot.  <a href=\"#\" onclick=\"document.getElementById('infoDiv').style.display='block';\">Why did this happen?</a><br><br>\n\n<div id=\"infoDiv\" style=\"display:none; background-color:#eee; padding:10px; margin:0 0 15px 0; line-height:1.4em;\">\nThis page appears when Google automatically detects requests coming from your computer network which appear to be in violation of the <a href=\"//www.google.com/policies/terms/\">Terms of Service</a>. The block will expire shortly after those requests stop.  In the meantime, solving the above CAPTCHA will let you continue to use our services.<br><br>This traffic may have been sent by malicious software, a browser plug-in, or a script that sends automated requests.  If you share your network connection, ask your administrator for help â€” a different computer using the same IP address may be responsible.  <a href=\"//support.google.com/websearch/answer/86640\">Learn more</a><br><br>Sometimes you may be asked to solve the CAPTCHA if you are using advanced terms that robots are known to use, or sending requests very quickly.\n</div>\n\nIP address: 20.97.15.171<br>Time: 2022-02-19T01:36:46Z<br>URL: https://www.google.com/search?q=SHAFT_Engine&amp;source=hp&amp;ei=rEkQYuf_Cc2yqtsP0L6JuAI&amp;iflsig=AHkkrS4AAAAAYhBXvDvLyjG5rtkNm8o5MuS--_D1FEFA&amp;ved=0ahUKEwjnhZ3B0Ir2AhVNmWoFHVBfAicQ4dUDCAk&amp;uact=5&amp;oq=SHAFT_Engine&amp;gs_lcp=Cgdnd3Mtd2l6EAMyBAgAEAoyBAgAEAoyBAgAEAoyBAgAEAoyBwgAEMkDEB4yBAgAEB4yCAgAEAUQChAeMggIABAFEAoQHlAAWENgzgNoAHAAeAGAAU-IAf0BkgEBNJgBAKABAQ&amp;sclient=gws-wiz<br>\n</div>\n</div>\n\n\n<div style=\"background-color: rgb(255, 255, 255); border: 1px solid rgb(204, 204, 204); box-shadow: rgba(0, 0, 0, 0.2) 2px 2px 3px; position: absolute; transition: visibility 0s linear 0.3s, opacity 0.3s linear 0s; opacity: 0; visibility: hidden; z-index: 2000000000; left: 0px; top: -10000px;\"><div style=\"width: 100%; height: 100%; position: fixed; top: 0px; left: 0px; z-index: 2000000000; background-color: rgb(255, 255, 255); opacity: 0.05;\"></div><div class=\"g-recaptcha-bubble-arrow\" style=\"border: 11px solid transparent; width: 0px; height: 0px; position: absolute; pointer-events: none; margin-top: -11px; z-index: 2000000000;\"></div><div class=\"g-recaptcha-bubble-arrow\" style=\"border: 10px solid transparent; width: 0px; height: 0px; position: absolute; pointer-events: none; margin-top: -10px; z-index: 2000000000;\"></div><div style=\"z-index: 2000000000; position: relative;\"><iframe title=\"recaptcha challenge expires in two minutes\" src=\"https://www.google.com/recaptcha/api2/bframe?hl=en&amp;v=1B_yv3CBEV10KtI2HJ6eEXhJ&amp;k=6LfwuyUTAAAAAOAmoS0fdqijC2PbbdH4kjq62Y1b\" name=\"c-2s18uwuuje6\" frameborder=\"0\" scrolling=\"no\" sandbox=\"allow-forms allow-popups allow-same-origin allow-scripts allow-top-navigation allow-modals allow-popups-to-escape-sandbox\" style=\"width: 100%; height: 100%;\"></iframe></div></div></body></html>]]"
      } ],
      "stepsCount" : 0,
      "attachmentsCount" : 1,
      "shouldDisplayMessage" : false,
      "hasContent" : true
    } ],
    "attachments" : [ ],
    "parameters" : [ ],
    "stepsCount" : 1,
    "attachmentsCount" : 1,
    "shouldDisplayMessage" : false,
    "hasContent" : true
  }, {
    "name" : "teardownActivities",
    "time" : {
      "start" : 1645234694721,
      "stop" : 1645234694980,
      "duration" : 259
    },
    "description" : "",
    "status" : "passed",
    "steps" : [ {
      "name" : "Successfully Closed All Drivers.",
      "time" : {
        "start" : 1645234694721,
        "stop" : 1645234694721,
        "duration" : 0
      },
      "status" : "passed",
      "steps" : [ ],
      "attachments" : [ ],
      "parameters" : [ {
        "name" : "actionCounter",
        "value" : "57"
      }, {
        "name" : "logText",
        "value" : "Successfully Closed All Drivers."
      } ],
      "stepsCount" : 0,
      "attachmentsCount" : 0,
      "shouldDisplayMessage" : false,
      "hasContent" : true
    }, {
      "name" : "Issue Summary: Total Issues = 2, New issues for Failed Tests = 2, Open issues for Passed Tests = 0, Open issues for Failed Tests = 0. Kindly check the attached Issue details.",
      "time" : {
        "start" : 1645234694729,
        "stop" : 1645234694729,
        "duration" : 0
      },
      "status" : "passed",
      "steps" : [ ],
      "attachments" : [ {
        "uid" : "3d07d0110f6d7713",
        "name" : "Attachment: SHAFT Engine Logs - Issues log CSV: 20220219-013814",
        "source" : "3d07d0110f6d7713.csv",
        "type" : "text/csv",
        "size" : 342
      } ],
      "parameters" : [ {
        "name" : "actionCounter",
        "value" : "58"
      }, {
        "name" : "logText",
        "value" : "Issue Summary: Total Issues = 2, New issues for Failed Tests = 2, Open issues for Passed Tests = 0, Open issues for Failed Tests = 0. Kindly check the attached Issue details."
      }, {
        "name" : "attachments",
        "value" : "[[SHAFT Engine Logs, Issues log CSV: 20220219-013814, java.io.ByteArrayInputStream@5e4c26a1]]"
      } ],
      "stepsCount" : 0,
      "attachmentsCount" : 1,
      "shouldDisplayMessage" : false,
      "hasContent" : true
    } ],
    "attachments" : [ {
      "uid" : "3128892eb51d0ebd",
      "name" : "Attachment: SHAFT Engine Logs - Execution log: 20220219-013814",
      "source" : "3128892eb51d0ebd.txt",
      "type" : "text/plain",
      "size" : 49955
    }, {
      "uid" : "b8b01c54d5b0404",
      "name" : "Attachment: HTML - Extent Emailable Execution Report",
      "source" : "b8b01c54d5b0404.html",
      "type" : "text/html",
      "size" : 350177
    } ],
    "parameters" : [ ],
    "stepsCount" : 2,
    "attachmentsCount" : 3,
    "shouldDisplayMessage" : false,
    "hasContent" : true
  } ],
  "labels" : [ {
    "name" : "package",
    "value" : "tests.gui.google.C_Search_PageObjectModel_Traditional"
  }, {
    "name" : "testClass",
    "value" : "tests.gui.google.C_Search_PageObjectModel_Traditional"
  }, {
    "name" : "testMethod",
    "value" : "searchForQueryAndAssertFirstResultTextIsCorrect"
  }, {
    "name" : "parentSuite",
    "value" : "SHAFT: Custom Suite"
  }, {
    "name" : "suite",
    "value" : "SHAFT: Custom Test"
  }, {
    "name" : "subSuite",
    "value" : "tests.gui.google.C_Search_PageObjectModel_Traditional"
  }, {
    "name" : "host",
    "value" : "fv-az397-799"
  }, {
    "name" : "thread",
    "value" : "3784@fv-az397-799.main(1)"
  }, {
    "name" : "framework",
    "value" : "testng"
  }, {
    "name" : "language",
    "value" : "java"
  }, {
    "name" : "resultFormat",
    "value" : "allure2"
  } ],
  "parameters" : [ ],
  "links" : [ ],
  "hidden" : false,
  "retry" : false,
  "extra" : {
    "severity" : "normal",
    "retries" : [ ],
    "categories" : [ {
      "name" : "Product defects",
      "matchedStatuses" : [ ],
      "flaky" : false
    } ],
    "history" : {
      "statistic" : {
        "failed" : 175,
        "broken" : 0,
        "skipped" : 0,
        "passed" : 0,
        "unknown" : 0,
        "total" : 175
      },
      "items" : [ {
        "uid" : "ade7f49d9f79f139",
        "reportUrl" : "https://MohabMohie.github.io/using_SHAFT_ENGINE/allure/1558//#testresult/ade7f49d9f79f139",
        "status" : "failed",
        "statusDetails" : "Assertion [ValidateEquals] FAILED. Expected [MohabMohie] and Actual [SHAFT_ENGINE is a Test Automation Engine that ... - GitHub]. Comparison Type [CONTAINS]. Validation Type [POSITIVE].",
        "time" : {
          "start" : 1645209384734,
          "stop" : 1645209387369,
          "duration" : 2635
        }
      }, {
        "uid" : "563d02ec3ee39278",
        "reportUrl" : "https://MohabMohie.github.io/using_SHAFT_ENGINE/allure/1557//#testresult/563d02ec3ee39278",
        "status" : "failed",
        "statusDetails" : "Assertion [ValidateEquals] FAILED. Expected [MohabMohie] and Actual [SHAFT_ENGINE is a Test Automation Engine that ... - GitHub]. Comparison Type [CONTAINS]. Validation Type [POSITIVE].",
        "time" : {
          "start" : 1645188456249,
          "stop" : 1645188459257,
          "duration" : 3008
        }
      }, {
        "uid" : "cb0d22b46f444650",
        "reportUrl" : "https://MohabMohie.github.io/using_SHAFT_ENGINE/allure/1556//#testresult/cb0d22b46f444650",
        "status" : "failed",
        "statusDetails" : "Assertion [ValidateEquals] FAILED. Expected [MohabMohie] and Actual [SHAFT_ENGINE is a Test Automation Engine that ... - GitHub]. Comparison Type [CONTAINS]. Validation Type [POSITIVE].",
        "time" : {
          "start" : 1645166262779,
          "stop" : 1645166265616,
          "duration" : 2837
        }
      }, {
        "uid" : "a6ccd213fd51cd0f",
        "reportUrl" : "https://MohabMohie.github.io/using_SHAFT_ENGINE/allure/1555//#testresult/a6ccd213fd51cd0f",
        "status" : "failed",
        "statusDetails" : "Assertion [ValidateEquals] FAILED. Expected [MohabMohie] and Actual [SHAFT_ENGINE is a Test Automation Engine that ... - GitHub]. Comparison Type [CONTAINS]. Validation Type [POSITIVE].",
        "time" : {
          "start" : 1645148454568,
          "stop" : 1645148457312,
          "duration" : 2744
        }
      }, {
        "uid" : "966778ebb9b2397c",
        "reportUrl" : "https://MohabMohie.github.io/using_SHAFT_ENGINE/allure/1554//#testresult/966778ebb9b2397c",
        "status" : "failed",
        "statusDetails" : "Assertion [ValidateEquals] FAILED. Expected [MohabMohie] and Actual [SHAFT_ENGINE is a Test Automation Engine that ... - GitHub]. Comparison Type [CONTAINS]. Validation Type [POSITIVE].",
        "time" : {
          "start" : 1645123013291,
          "stop" : 1645123015817,
          "duration" : 2526
        }
      }, {
        "uid" : "5bd3b67ddfa76bd5",
        "reportUrl" : "https://MohabMohie.github.io/using_SHAFT_ENGINE/allure/1553//#testresult/5bd3b67ddfa76bd5",
        "status" : "failed",
        "statusDetails" : "Assertion [ValidateEquals] FAILED. Expected [MohabMohie] and Actual [SHAFT: Unified Test Automation Engine - GitHub]. Comparison Type [CONTAINS]. Validation Type [POSITIVE].",
        "time" : {
          "start" : 1645102051754,
          "stop" : 1645102053936,
          "duration" : 2182
        }
      }, {
        "uid" : "19f1624da398153",
        "reportUrl" : "https://MohabMohie.github.io/using_SHAFT_ENGINE/allure/1552//#testresult/19f1624da398153",
        "status" : "failed",
        "statusDetails" : "Assertion [ValidateEquals] FAILED. Expected [MohabMohie] and Actual [SHAFT: Unified Test Automation Engine - GitHub]. Comparison Type [CONTAINS]. Validation Type [POSITIVE].",
        "time" : {
          "start" : 1645079874415,
          "stop" : 1645079876524,
          "duration" : 2109
        }
      }, {
        "uid" : "e2437b1b713938db",
        "reportUrl" : "https://MohabMohie.github.io/using_SHAFT_ENGINE/allure/1551//#testresult/e2437b1b713938db",
        "status" : "failed",
        "statusDetails" : "Assertion [ValidateEquals] FAILED. Expected [MohabMohie] and Actual [SHAFT: Unified Test Automation Engine - GitHub]. Comparison Type [CONTAINS]. Validation Type [POSITIVE].",
        "time" : {
          "start" : 1645061274973,
          "stop" : 1645061277855,
          "duration" : 2882
        }
      }, {
        "uid" : "9d994105eac406",
        "reportUrl" : "https://MohabMohie.github.io/using_SHAFT_ENGINE/allure/1550//#testresult/9d994105eac406",
        "status" : "failed",
        "statusDetails" : "Assertion [ValidateEquals] FAILED. Expected [MohabMohie] and Actual [SHAFT: Unified Test Automation Engine - GitHub]. Comparison Type [CONTAINS]. Validation Type [POSITIVE].",
        "time" : {
          "start" : 1645036575404,
          "stop" : 1645036577653,
          "duration" : 2249
        }
      }, {
        "uid" : "c1317f599611c7f5",
        "reportUrl" : "https://MohabMohie.github.io/using_SHAFT_ENGINE/allure/1549//#testresult/c1317f599611c7f5",
        "status" : "failed",
        "statusDetails" : "Assertion [ValidateEquals] FAILED. Expected [MohabMohie] and Actual [SHAFT: Unified Test Automation Engine - GitHub]. Comparison Type [CONTAINS]. Validation Type [POSITIVE].",
        "time" : {
          "start" : 1645015601354,
          "stop" : 1645015603741,
          "duration" : 2387
        }
      }, {
        "uid" : "d2d8ec70c0f4d43",
        "reportUrl" : "https://MohabMohie.github.io/using_SHAFT_ENGINE/allure/1548//#testresult/d2d8ec70c0f4d43",
        "status" : "failed",
        "statusDetails" : "Assertion [ValidateEquals] FAILED. Expected [MohabMohie] and Actual [SHAFT: Unified Test Automation Engine - GitHub]. Comparison Type [CONTAINS]. Validation Type [POSITIVE].",
        "time" : {
          "start" : 1644993436311,
          "stop" : 1644993439223,
          "duration" : 2912
        }
      }, {
        "uid" : "12440a836f20b183",
        "reportUrl" : "https://MohabMohie.github.io/using_SHAFT_ENGINE/allure/1547//#testresult/12440a836f20b183",
        "status" : "failed",
        "statusDetails" : "Assertion [ValidateEquals] FAILED. Expected [MohabMohie] and Actual [SHAFT: Unified Test Automation Engine - GitHub]. Comparison Type [CONTAINS]. Validation Type [POSITIVE].",
        "time" : {
          "start" : 1644975691573,
          "stop" : 1644975694010,
          "duration" : 2437
        }
      }, {
        "uid" : "7b1d0e61e3e8c132",
        "reportUrl" : "https://MohabMohie.github.io/using_SHAFT_ENGINE/allure/1546//#testresult/7b1d0e61e3e8c132",
        "status" : "failed",
        "statusDetails" : "Assertion [ValidateEquals] FAILED. Expected [MohabMohie] and Actual [SHAFT: Unified Test Automation Engine - GitHub]. Comparison Type [CONTAINS]. Validation Type [POSITIVE].",
        "time" : {
          "start" : 1644950110032,
          "stop" : 1644950112074,
          "duration" : 2042
        }
      }, {
        "uid" : "fed3d64b67ca0a66",
        "reportUrl" : "https://MohabMohie.github.io/using_SHAFT_ENGINE/allure/1545//#testresult/fed3d64b67ca0a66",
        "status" : "failed",
        "statusDetails" : "Assertion [ValidateEquals] FAILED. Expected [MohabMohie] and Actual [SHAFT: Unified Test Automation Engine - GitHub]. Comparison Type [CONTAINS]. Validation Type [POSITIVE].",
        "time" : {
          "start" : 1644929316392,
          "stop" : 1644929318697,
          "duration" : 2305
        }
      }, {
        "uid" : "eacd5301823ff4cb",
        "reportUrl" : "https://MohabMohie.github.io/using_SHAFT_ENGINE/allure/1544//#testresult/eacd5301823ff4cb",
        "status" : "failed",
        "statusDetails" : "Assertion [ValidateEquals] FAILED. Expected [MohabMohie] and Actual [SHAFT: Unified Test Automation Engine - GitHub]. Comparison Type [CONTAINS]. Validation Type [POSITIVE].",
        "time" : {
          "start" : 1644907017962,
          "stop" : 1644907020354,
          "duration" : 2392
        }
      }, {
        "uid" : "a49a33ef0b083755",
        "reportUrl" : "https://MohabMohie.github.io/using_SHAFT_ENGINE/allure/1541//#testresult/a49a33ef0b083755",
        "status" : "failed",
        "statusDetails" : "Assertion [ValidateEquals] FAILED. Expected [MohabMohie] and Actual [SHAFT: Unified Test Automation Engine - GitHub]. Comparison Type [CONTAINS]. Validation Type [POSITIVE].",
        "time" : {
          "start" : 1644863788173,
          "stop" : 1644863790579,
          "duration" : 2406
        }
      }, {
        "uid" : "c90883dcc4fa3436",
        "reportUrl" : "https://MohabMohie.github.io/using_SHAFT_ENGINE/allure/1540//#testresult/c90883dcc4fa3436",
        "status" : "failed",
        "statusDetails" : "Assertion [ValidateEquals] FAILED. Expected [MohabMohie] and Actual [SHAFT: Unified Test Automation Engine - GitHub]. Comparison Type [CONTAINS]. Validation Type [POSITIVE].",
        "time" : {
          "start" : 1644842850139,
          "stop" : 1644842853006,
          "duration" : 2867
        }
      }, {
        "uid" : "681f3cf802fd4e27",
        "reportUrl" : "https://MohabMohie.github.io/using_SHAFT_ENGINE/allure/1539//#testresult/681f3cf802fd4e27",
        "status" : "failed",
        "statusDetails" : "Assertion [ValidateEquals] FAILED. Expected [MohabMohie] and Actual [SHAFT: Unified Test Automation Engine - GitHub]. Comparison Type [CONTAINS]. Validation Type [POSITIVE].",
        "time" : {
          "start" : 1644820620567,
          "stop" : 1644820622968,
          "duration" : 2401
        }
      }, {
        "uid" : "c878c17c30c99028",
        "reportUrl" : "https://MohabMohie.github.io/using_SHAFT_ENGINE/allure/1538//#testresult/c878c17c30c99028",
        "status" : "failed",
        "statusDetails" : "Assertion [ValidateEquals] FAILED. Expected [MohabMohie] and Actual [SHAFT: Unified Test Automation Engine - GitHub]. Comparison Type [CONTAINS]. Validation Type [POSITIVE].",
        "time" : {
          "start" : 1644802283255,
          "stop" : 1644802285504,
          "duration" : 2249
        }
      }, {
        "uid" : "fe0a3ed3e9896c54",
        "reportUrl" : "https://MohabMohie.github.io/using_SHAFT_ENGINE/allure/1536//#testresult/fe0a3ed3e9896c54",
        "status" : "failed",
        "statusDetails" : "Assertion [ValidateEquals] FAILED. Expected [MohabMohie] and Actual [SHAFT: Unified Test Automation Engine - GitHub]. Comparison Type [CONTAINS]. Validation Type [POSITIVE].",
        "time" : {
          "start" : 1644777234552,
          "stop" : 1644777236838,
          "duration" : 2286
        }
      } ]
    },
    "tags" : [ ]
  },
  "source" : "4264da4fa9d97ff0.json",
  "parameterValues" : [ ]
}