{
  "uid" : "780ef2e6b032bfa7",
  "name" : "searchForQueryAndAssertFirstResultTextIsCorrect",
  "fullName" : "tests.gui.google.B_Search_FlatTest_SHAFT.searchForQueryAndAssertFirstResultTextIsCorrect",
  "historyId" : "dc1372db5097b1be1b2a4104e5facea3",
  "time" : {
    "start" : 1645234662796,
    "stop" : 1645234690765,
    "duration" : 27969
  },
  "status" : "failed",
  "statusMessage" : "Assertion [ValidateElementAttribute] FAILED. Expected [Value Should be 'MohabMohie' for the 'Text' attribute, element locator 'By.xpath: (//h1[contains(text(),'Search Result')]/following-sibling::div//a/h3)[1]'] and Actual [Failed to read the desired element attribute]. Comparison Type [CONTAINS]. Validation Type [POSITIVE].",
  "statusTrace" : "java.lang.AssertionError: Assertion [ValidateElementAttribute] FAILED. Expected [Value Should be 'MohabMohie' for the 'Text' attribute, element locator 'By.xpath: (//h1[contains(text(),'Search Result')]/following-sibling::div//a/h3)[1]'] and Actual [Failed to read the desired element attribute]. Comparison Type [CONTAINS]. Validation Type [POSITIVE].\n\tat org.testng.Assert.fail(Assert.java:98)\n\tat com.shaft.validation.ValidationsHelper.reportValidationState(ValidationsHelper.java:858)\n\tat com.shaft.validation.ValidationsHelper.fail(ValidationsHelper.java:588)\n\tat com.shaft.validation.ValidationsHelper.validateElementAttribute(ValidationsHelper.java:247)\n\tat com.shaft.validation.Assertions.assertElementAttribute(Assertions.java:201)\n\tat tests.gui.google.B_Search_FlatTest_SHAFT.searchForQueryAndAssertFirstResultTextIsCorrect(B_Search_FlatTest_SHAFT.java:34)\n\tat java.base/jdk.internal.reflect.NativeMethodAccessorImpl.invoke0(Native Method)\n\tat java.base/jdk.internal.reflect.NativeMethodAccessorImpl.invoke(NativeMethodAccessorImpl.java:77)\n\tat java.base/jdk.internal.reflect.DelegatingMethodAccessorImpl.invoke(DelegatingMethodAccessorImpl.java:43)\n\tat java.base/java.lang.reflect.Method.invoke(Method.java:568)\n\tat org.testng.internal.invokers.MethodInvocationHelper.invokeMethod(MethodInvocationHelper.java:135)\n\tat org.testng.internal.invokers.TestInvoker.invokeMethod(TestInvoker.java:673)\n\tat org.testng.internal.invokers.TestInvoker.invokeTestMethod(TestInvoker.java:220)\n\tat org.testng.internal.invokers.MethodRunner.runInSequence(MethodRunner.java:50)\n\tat org.testng.internal.invokers.TestInvoker$MethodInvocationAgent.invoke(TestInvoker.java:945)\n\tat org.testng.internal.invokers.TestInvoker.invokeTestMethods(TestInvoker.java:193)\n\tat org.testng.internal.invokers.TestMethodWorker.invokeTestMethods(TestMethodWorker.java:146)\n\tat org.testng.internal.invokers.TestMethodWorker.run(TestMethodWorker.java:128)\n\tat java.base/java.util.ArrayList.forEach(ArrayList.java:1511)\n\tat org.testng.TestRunner.privateRun(TestRunner.java:808)\n\tat org.testng.TestRunner.run(TestRunner.java:603)\n\tat org.testng.SuiteRunner.runTest(SuiteRunner.java:429)\n\tat org.testng.SuiteRunner.runSequentially(SuiteRunner.java:423)\n\tat org.testng.SuiteRunner.privateRun(SuiteRunner.java:383)\n\tat org.testng.SuiteRunner.run(SuiteRunner.java:326)\n\tat org.testng.SuiteRunnerWorker.runSuite(SuiteRunnerWorker.java:52)\n\tat org.testng.SuiteRunnerWorker.run(SuiteRunnerWorker.java:95)\n\tat org.testng.TestNG.runSuitesSequentially(TestNG.java:1249)\n\tat org.testng.TestNG.runSuitesLocally(TestNG.java:1169)\n\tat org.testng.TestNG.runSuites(TestNG.java:1092)\n\tat org.testng.TestNG.run(TestNG.java:1060)\n\tat org.apache.maven.surefire.testng.TestNGExecutor.run(TestNGExecutor.java:136)\n\tat org.apache.maven.surefire.testng.TestNGDirectoryTestSuite.executeMulti(TestNGDirectoryTestSuite.java:193)\n\tat org.apache.maven.surefire.testng.TestNGDirectoryTestSuite.execute(TestNGDirectoryTestSuite.java:94)\n\tat org.apache.maven.surefire.testng.TestNGProvider.invoke(TestNGProvider.java:145)\n\tat org.apache.maven.surefire.booter.ForkedBooter.runSuitesInProcess(ForkedBooter.java:428)\n\tat org.apache.maven.surefire.booter.ForkedBooter.execute(ForkedBooter.java:162)\n\tat org.apache.maven.surefire.booter.ForkedBooter.run(ForkedBooter.java:562)\n\tat org.apache.maven.surefire.booter.ForkedBooter.main(ForkedBooter.java:548)\nCaused by: java.lang.AssertionError: Element Action [IdentifyUniqueElement] failed. With the following test data [zero elements found matching this locator \"By.xpath: (//h1[contains(text(),'Search Result')]/following-sibling::div//a/h3)[1]\".].\n\tat org.testng.Assert.fail(Assert.java:110)\n\tat com.shaft.gui.element.WebDriverElementActions.failAction(WebDriverElementActions.java:1467)\n\tat com.shaft.gui.element.WebDriverElementActions.failAction(WebDriverElementActions.java:1309)\n\tat com.shaft.gui.element.WebDriverElementActions.identifyUniqueElement(WebDriverElementActions.java:1538)\n\tat com.shaft.gui.element.WebDriverElementActions.identifyUniqueElement(WebDriverElementActions.java:1325)\n\tat com.shaft.gui.element.WebDriverElementActions.getText(WebDriverElementActions.java:660)\n\tat com.shaft.gui.element.ElementActions.getText(ElementActions.java:319)\n\tat com.shaft.validation.ValidationsHelper.validateElementAttribute(ValidationsHelper.java:237)\n\t... 35 more\n",
  "flaky" : false,
  "newFailed" : false,
  "beforeStages" : [ {
    "name" : "beforeMethod",
    "time" : {
      "start" : 1645234661152,
      "stop" : 1645234662794,
      "duration" : 1642
    },
    "description" : "",
    "status" : "passed",
    "steps" : [ {
      "name" : "Attempting to run remotely on: [Linux-64], [GoogleChrome], [http://localhost:4444/wd/hub], Headless Execution.",
      "time" : {
        "start" : 1645234661153,
        "stop" : 1645234661153,
        "duration" : 0
      },
      "status" : "passed",
      "steps" : [ ],
      "attachments" : [ ],
      "parameters" : [ {
        "name" : "actionCounter",
        "value" : "43"
      }, {
        "name" : "logText",
        "value" : "Attempting to run remotely on: [Linux-64], [GoogleChrome], [http://localhost:4444/wd/hub], Headless Execution."
      } ],
      "stepsCount" : 0,
      "attachmentsCount" : 0,
      "shouldDisplayMessage" : false,
      "hasContent" : true
    }, {
      "name" : "Successfully Opened [GoogleChrome].",
      "time" : {
        "start" : 1645234661394,
        "stop" : 1645234661395,
        "duration" : 1
      },
      "status" : "passed",
      "steps" : [ ],
      "attachments" : [ ],
      "parameters" : [ {
        "name" : "actionCounter",
        "value" : "44"
      }, {
        "name" : "logText",
        "value" : "Successfully Opened [GoogleChrome]."
      } ],
      "stepsCount" : 0,
      "attachmentsCount" : 0,
      "shouldDisplayMessage" : false,
      "hasContent" : true
    }, {
      "name" : "Browser Action [NavigateToURL] successfully performed. With the following test data [https://www.google.com/ncr].",
      "time" : {
        "start" : 1645234662793,
        "stop" : 1645234662794,
        "duration" : 1
      },
      "status" : "passed",
      "steps" : [ ],
      "attachments" : [ ],
      "parameters" : [ {
        "name" : "actionCounter",
        "value" : "45"
      }, {
        "name" : "logText",
        "value" : "Browser Action [NavigateToURL] successfully performed. With the following test data [https://www.google.com/ncr]."
      }, {
        "name" : "attachments",
        "value" : "[null]"
      } ],
      "stepsCount" : 0,
      "attachmentsCount" : 0,
      "shouldDisplayMessage" : false,
      "hasContent" : true
    } ],
    "attachments" : [ ],
    "parameters" : [ ],
    "stepsCount" : 3,
    "attachmentsCount" : 0,
    "shouldDisplayMessage" : false,
    "hasContent" : true
  }, {
    "name" : "setupActivities",
    "time" : {
      "start" : 1645234595807,
      "stop" : 1645234596662,
      "duration" : 855
    },
    "description" : "",
    "status" : "passed",
    "steps" : [ {
      "name" : "Folder [extent-reports] was not found, it may have already been deleted.",
      "time" : {
        "start" : 1645234595945,
        "stop" : 1645234595947,
        "duration" : 2
      },
      "status" : "passed",
      "steps" : [ ],
      "attachments" : [ ],
      "parameters" : [ {
        "name" : "actionCounter",
        "value" : "1"
      }, {
        "name" : "logText",
        "value" : "Folder [extent-reports] was not found, it may have already been deleted."
      } ],
      "stepsCount" : 0,
      "attachmentsCount" : 0,
      "shouldDisplayMessage" : false,
      "hasContent" : true
    } ],
    "attachments" : [ {
      "uid" : "d802c87e9f52ce96",
      "name" : "Attachment: SHAFT Links - Important",
      "source" : "d802c87e9f52ce96.uri",
      "type" : "text/uri-list",
      "size" : 346
    }, {
      "uid" : "3123a68f79b1a85d",
      "name" : "Attachment: Properties - ExecutionPlatform",
      "source" : "3123a68f79b1a85d.properties",
      "type" : "text/plain",
      "size" : 394
    } ],
    "parameters" : [ ],
    "stepsCount" : 1,
    "attachmentsCount" : 2,
    "shouldDisplayMessage" : false,
    "hasContent" : true
  } ],
  "testStage" : {
    "status" : "failed",
    "statusMessage" : "Assertion [ValidateElementAttribute] FAILED. Expected [Value Should be 'MohabMohie' for the 'Text' attribute, element locator 'By.xpath: (//h1[contains(text(),'Search Result')]/following-sibling::div//a/h3)[1]'] and Actual [Failed to read the desired element attribute]. Comparison Type [CONTAINS]. Validation Type [POSITIVE].",
    "statusTrace" : "java.lang.AssertionError: Assertion [ValidateElementAttribute] FAILED. Expected [Value Should be 'MohabMohie' for the 'Text' attribute, element locator 'By.xpath: (//h1[contains(text(),'Search Result')]/following-sibling::div//a/h3)[1]'] and Actual [Failed to read the desired element attribute]. Comparison Type [CONTAINS]. Validation Type [POSITIVE].\n\tat org.testng.Assert.fail(Assert.java:98)\n\tat com.shaft.validation.ValidationsHelper.reportValidationState(ValidationsHelper.java:858)\n\tat com.shaft.validation.ValidationsHelper.fail(ValidationsHelper.java:588)\n\tat com.shaft.validation.ValidationsHelper.validateElementAttribute(ValidationsHelper.java:247)\n\tat com.shaft.validation.Assertions.assertElementAttribute(Assertions.java:201)\n\tat tests.gui.google.B_Search_FlatTest_SHAFT.searchForQueryAndAssertFirstResultTextIsCorrect(B_Search_FlatTest_SHAFT.java:34)\n\tat java.base/jdk.internal.reflect.NativeMethodAccessorImpl.invoke0(Native Method)\n\tat java.base/jdk.internal.reflect.NativeMethodAccessorImpl.invoke(NativeMethodAccessorImpl.java:77)\n\tat java.base/jdk.internal.reflect.DelegatingMethodAccessorImpl.invoke(DelegatingMethodAccessorImpl.java:43)\n\tat java.base/java.lang.reflect.Method.invoke(Method.java:568)\n\tat org.testng.internal.invokers.MethodInvocationHelper.invokeMethod(MethodInvocationHelper.java:135)\n\tat org.testng.internal.invokers.TestInvoker.invokeMethod(TestInvoker.java:673)\n\tat org.testng.internal.invokers.TestInvoker.invokeTestMethod(TestInvoker.java:220)\n\tat org.testng.internal.invokers.MethodRunner.runInSequence(MethodRunner.java:50)\n\tat org.testng.internal.invokers.TestInvoker$MethodInvocationAgent.invoke(TestInvoker.java:945)\n\tat org.testng.internal.invokers.TestInvoker.invokeTestMethods(TestInvoker.java:193)\n\tat org.testng.internal.invokers.TestMethodWorker.invokeTestMethods(TestMethodWorker.java:146)\n\tat org.testng.internal.invokers.TestMethodWorker.run(TestMethodWorker.java:128)\n\tat java.base/java.util.ArrayList.forEach(ArrayList.java:1511)\n\tat org.testng.TestRunner.privateRun(TestRunner.java:808)\n\tat org.testng.TestRunner.run(TestRunner.java:603)\n\tat org.testng.SuiteRunner.runTest(SuiteRunner.java:429)\n\tat org.testng.SuiteRunner.runSequentially(SuiteRunner.java:423)\n\tat org.testng.SuiteRunner.privateRun(SuiteRunner.java:383)\n\tat org.testng.SuiteRunner.run(SuiteRunner.java:326)\n\tat org.testng.SuiteRunnerWorker.runSuite(SuiteRunnerWorker.java:52)\n\tat org.testng.SuiteRunnerWorker.run(SuiteRunnerWorker.java:95)\n\tat org.testng.TestNG.runSuitesSequentially(TestNG.java:1249)\n\tat org.testng.TestNG.runSuitesLocally(TestNG.java:1169)\n\tat org.testng.TestNG.runSuites(TestNG.java:1092)\n\tat org.testng.TestNG.run(TestNG.java:1060)\n\tat org.apache.maven.surefire.testng.TestNGExecutor.run(TestNGExecutor.java:136)\n\tat org.apache.maven.surefire.testng.TestNGDirectoryTestSuite.executeMulti(TestNGDirectoryTestSuite.java:193)\n\tat org.apache.maven.surefire.testng.TestNGDirectoryTestSuite.execute(TestNGDirectoryTestSuite.java:94)\n\tat org.apache.maven.surefire.testng.TestNGProvider.invoke(TestNGProvider.java:145)\n\tat org.apache.maven.surefire.booter.ForkedBooter.runSuitesInProcess(ForkedBooter.java:428)\n\tat org.apache.maven.surefire.booter.ForkedBooter.execute(ForkedBooter.java:162)\n\tat org.apache.maven.surefire.booter.ForkedBooter.run(ForkedBooter.java:562)\n\tat org.apache.maven.surefire.booter.ForkedBooter.main(ForkedBooter.java:548)\nCaused by: java.lang.AssertionError: Element Action [IdentifyUniqueElement] failed. With the following test data [zero elements found matching this locator \"By.xpath: (//h1[contains(text(),'Search Result')]/following-sibling::div//a/h3)[1]\".].\n\tat org.testng.Assert.fail(Assert.java:110)\n\tat com.shaft.gui.element.WebDriverElementActions.failAction(WebDriverElementActions.java:1467)\n\tat com.shaft.gui.element.WebDriverElementActions.failAction(WebDriverElementActions.java:1309)\n\tat com.shaft.gui.element.WebDriverElementActions.identifyUniqueElement(WebDriverElementActions.java:1538)\n\tat com.shaft.gui.element.WebDriverElementActions.identifyUniqueElement(WebDriverElementActions.java:1325)\n\tat com.shaft.gui.element.WebDriverElementActions.getText(WebDriverElementActions.java:660)\n\tat com.shaft.gui.element.ElementActions.getText(ElementActions.java:319)\n\tat com.shaft.validation.ValidationsHelper.validateElementAttribute(ValidationsHelper.java:237)\n\t... 35 more\n",
    "steps" : [ {
      "name" : "Element Action [Type] successfully performed. With the following test data [SHAFT_Engine].",
      "time" : {
        "start" : 1645234663756,
        "stop" : 1645234663757,
        "duration" : 1
      },
      "status" : "passed",
      "steps" : [ ],
      "attachments" : [ ],
      "parameters" : [ {
        "name" : "actionCounter",
        "value" : "46"
      }, {
        "name" : "logText",
        "value" : "Element Action [Type] successfully performed. With the following test data [SHAFT_Engine]."
      } ],
      "stepsCount" : 0,
      "attachmentsCount" : 0,
      "shouldDisplayMessage" : false,
      "hasContent" : true
    }, {
      "name" : "Element Action [KeyPress] successfully performed. With the following test data [ENTER].",
      "time" : {
        "start" : 1645234664511,
        "stop" : 1645234664511,
        "duration" : 0
      },
      "status" : "passed",
      "steps" : [ ],
      "attachments" : [ ],
      "parameters" : [ {
        "name" : "actionCounter",
        "value" : "47"
      }, {
        "name" : "logText",
        "value" : "Element Action [KeyPress] successfully performed. With the following test data [ENTER]."
      } ],
      "stepsCount" : 0,
      "attachmentsCount" : 0,
      "shouldDisplayMessage" : false,
      "hasContent" : true
    }, {
      "name" : "Element Action [IdentifyUniqueElement] failed. With the following test data [zero elements found matching this locator \"By.xpath: (//h1[contains(text(),'Search Result')]/following-sibling::div//a/h3)[1]\".].",
      "time" : {
        "start" : 1645234690739,
        "stop" : 1645234690742,
        "duration" : 3
      },
      "status" : "passed",
      "steps" : [ ],
      "attachments" : [ {
        "uid" : "a22668e9e51f549c",
        "name" : "Attachment: Screenshot - 1645234690553_searchForQueryAndAssertFirstResultTextIsCorrect_IdentifyUniqueElement_failed",
        "source" : "a22668e9e51f549c.png",
        "type" : "image/png",
        "size" : 48933
      } ],
      "parameters" : [ {
        "name" : "actionCounter",
        "value" : "48"
      }, {
        "name" : "logText",
        "value" : "Element Action [IdentifyUniqueElement] failed. With the following test data [zero elements found matching this locator \"By.xpath: (//h1[contains(text(),'Search Result')]/following-sibling::div//a/h3)[1]\".]."
      }, {
        "name" : "attachments",
        "value" : "[[Screenshot, 1645234690553_searchForQueryAndAssertFirstResultTextIsCorrect_IdentifyUniqueElement_failed, java.io.ByteArrayInputStream@532b3244]]"
      } ],
      "stepsCount" : 0,
      "attachmentsCount" : 1,
      "shouldDisplayMessage" : false,
      "hasContent" : true
    }, {
      "name" : "Assertion Failed: Asserting that the correct first result is displayed",
      "time" : {
        "start" : 1645234690746,
        "stop" : 1645234690746,
        "duration" : 0
      },
      "status" : "passed",
      "steps" : [ ],
      "attachments" : [ ],
      "parameters" : [ {
        "name" : "actionCounter",
        "value" : "49"
      }, {
        "name" : "customLog",
        "value" : "Assertion Failed: Asserting that the correct first result is displayed"
      }, {
        "name" : "stepLog",
        "value" : "Assertion [ValidateElementAttribute] FAILED. Expected [Value Should be 'MohabMohie' for the 'Text' attribute, element locator 'By.xpath: (//h1[contains(text(),'Search Result')]/following-sibling::div//a/h3)[1]'] and Actual [Failed to read the desired element attribute]. Comparison Type [CONTAINS]. Validation Type [POSITIVE]."
      }, {
        "name" : "attachments",
        "value" : "null"
      } ],
      "stepsCount" : 0,
      "attachmentsCount" : 0,
      "shouldDisplayMessage" : false,
      "hasContent" : true
    } ],
    "attachments" : [ {
      "uid" : "413fe44d7ca64ecc",
      "name" : "Attachment: SHAFT Engine Logs - Current Method log: searchForQueryAndAssertFirstResultTextIsCorrect",
      "source" : "413fe44d7ca64ecc.txt",
      "type" : "text/plain",
      "size" : 11608
    } ],
    "parameters" : [ ],
    "stepsCount" : 4,
    "attachmentsCount" : 2,
    "shouldDisplayMessage" : true,
    "hasContent" : true
  },
  "afterStages" : [ {
    "name" : "afterMethod",
    "time" : {
      "start" : 1645234690768,
      "stop" : 1645234690881,
      "duration" : 113
    },
    "description" : "",
    "status" : "passed",
    "steps" : [ {
      "name" : "Browser Action [CloseCurrentWindow] successfully performed.",
      "time" : {
        "start" : 1645234690880,
        "stop" : 1645234690881,
        "duration" : 1
      },
      "status" : "passed",
      "steps" : [ ],
      "attachments" : [ {
        "uid" : "d8170eec18bfa704",
        "name" : "Attachment: Browser Action Test Data - CloseCurrentWindow - Actual Value",
        "source" : "d8170eec18bfa704.html",
        "type" : "text/html",
        "size" : 7068
      } ],
      "parameters" : [ {
        "name" : "actionCounter",
        "value" : "50"
      }, {
        "name" : "logText",
        "value" : "Browser Action [CloseCurrentWindow] successfully performed."
      }, {
        "name" : "attachments",
        "value" : "[[Browser Action Test Data - CloseCurrentWindow, Actual Value, <html><head><meta http-equiv=\"content-type\" content=\"text/html; charset=utf-8\"><meta name=\"viewport\" content=\"initial-scale=1\"><title>https://www.google.com/search?q=SHAFT_Engine&amp;source=hp&amp;ei=5UkQYtXrI9erqtsPsry4yAE&amp;iflsig=AHkkrS4AAAAAYhBX9Uh03O4Ug56HNKEGMhybrcIcapoS&amp;ved=0ahUKEwiV8s3c0Ir2AhXXlWoFHTIeDhkQ4dUDCAk&amp;uact=5&amp;oq=SHAFT_Engine&amp;gs_lcp=Cgdnd3Mtd2l6EAMyBAgAEAoyBAgAEAoyBAgAEAoyBAgAEAoyBwgAEMkDEB4yBAgAEB4yCAgAEAUQChAeMggIABAFEAoQHjoLCC4QgAQQsQMQ1AI6CAguEIAEELEDOggIABCABBCxAzoFCC4QgAQ6BQguELEDOgsILhCABBCxAxCDAToHCC4QsQMQCjoHCAAQsQMQCjoKCC4QsQMQgwEQCjoECC4QCjoKCAAQsQMQgwEQClAAWKEBYPgDaABwAHgCgAFciAHLA5IBATiYAQCgAQE&amp;sclient=gws-wiz</title></head>\n<body style=\"font-family: arial, sans-serif; background-color: #fff; color: #000; padding:20px; font-size:18px;\" onload=\"e=document.getElementById('captcha');if(e){e.focus();} if(solveSimpleChallenge) {solveSimpleChallenge(,);}\">\n<div style=\"max-width:400px;\">\n<hr noshade=\"\" size=\"1\" style=\"color:#ccc; background-color:#ccc;\"><br>\n<form id=\"captcha-form\" action=\"index\" method=\"post\">\n<noscript>\n<div style=\"font-size:13px;\">\n  In order to continue, please enable javascript on your web browser.\n</div>\n</noscript>\n<script type=\"text/javascript\" async=\"\" src=\"https://www.gstatic.com/recaptcha/releases/1B_yv3CBEV10KtI2HJ6eEXhJ/recaptcha__en.js\" crossorigin=\"anonymous\" integrity=\"sha384-S2LGmX4/CwtiRBHR9Jff17G3SCVE4jK5G1X5NkcvSGWf01pJQ9TgEi/XTLkaKO2w\"></script><script src=\"https://www.google.com/recaptcha/api.js\" async=\"\" defer=\"\"></script>\n<script>var submitCallback = function(response) {document.getElementById('captcha-form').submit();};</script>\n<div id=\"recaptcha\" class=\"g-recaptcha\" data-sitekey=\"6LfwuyUTAAAAAOAmoS0fdqijC2PbbdH4kjq62Y1b\" data-callback=\"submitCallback\" data-s=\"ebAEOF7MdrvPDsPUM_NQdL-zw-jQCZ7zvSXFsUqME-wuC6e8XPagQkm5ueQQz8i7lJ8-TVRJesqfj6QfpSxHih_NpDaLVYIKcSId0E7PWkDLNwsP4wuAgGCQQ7xVEoW5mTGZAO-PnyaSFvTeIrD0e7YxPqDVypIGATyPF65_mexEbi5wRKsVbgG5ns4rmNsFrEdfirPVr1dlZ826giSZDIuzVFo3RZrzvqg9J3U\"><div style=\"width: 304px; height: 78px;\"><div><iframe title=\"reCAPTCHA\" src=\"https://www.google.com/recaptcha/api2/anchor?ar=1&amp;k=6LfwuyUTAAAAAOAmoS0fdqijC2PbbdH4kjq62Y1b&amp;co=aHR0cHM6Ly93d3cuZ29vZ2xlLmNvbTo0NDM.&amp;hl=en&amp;v=1B_yv3CBEV10KtI2HJ6eEXhJ&amp;size=normal&amp;s=ebAEOF7MdrvPDsPUM_NQdL-zw-jQCZ7zvSXFsUqME-wuC6e8XPagQkm5ueQQz8i7lJ8-TVRJesqfj6QfpSxHih_NpDaLVYIKcSId0E7PWkDLNwsP4wuAgGCQQ7xVEoW5mTGZAO-PnyaSFvTeIrD0e7YxPqDVypIGATyPF65_mexEbi5wRKsVbgG5ns4rmNsFrEdfirPVr1dlZ826giSZDIuzVFo3RZrzvqg9J3U&amp;cb=y6gwtz1woe7y\" width=\"304\" height=\"78\" role=\"presentation\" name=\"a-cgp1oyis4opl\" frameborder=\"0\" scrolling=\"no\" sandbox=\"allow-forms allow-popups allow-same-origin allow-scripts allow-top-navigation allow-modals allow-popups-to-escape-sandbox\"></iframe></div><textarea id=\"g-recaptcha-response\" name=\"g-recaptcha-response\" class=\"g-recaptcha-response\" style=\"width: 250px; height: 40px; border: 1px solid rgb(193, 193, 193); margin: 10px 25px; padding: 0px; resize: none; display: none;\"></textarea></div><iframe style=\"display: none;\"></iframe></div>\n\n<input type=\"hidden\" name=\"q\" value=\"EgQUYQ-rGOeTwZAGIhAJTHsS8KpCG9qiXo1JH2E1MgFy\"><input type=\"hidden\" name=\"continue\" value=\"https://www.google.com/search?q=SHAFT_Engine&amp;source=hp&amp;ei=5UkQYtXrI9erqtsPsry4yAE&amp;iflsig=AHkkrS4AAAAAYhBX9Uh03O4Ug56HNKEGMhybrcIcapoS&amp;ved=0ahUKEwiV8s3c0Ir2AhXXlWoFHTIeDhkQ4dUDCAk&amp;uact=5&amp;oq=SHAFT_Engine&amp;gs_lcp=Cgdnd3Mtd2l6EAMyBAgAEAoyBAgAEAoyBAgAEAoyBAgAEAoyBwgAEMkDEB4yBAgAEB4yCAgAEAUQChAeMggIABAFEAoQHjoLCC4QgAQQsQMQ1AI6CAguEIAEELEDOggIABCABBCxAzoFCC4QgAQ6BQguELEDOgsILhCABBCxAxCDAToHCC4QsQMQCjoHCAAQsQMQCjoKCC4QsQMQgwEQCjoECC4QCjoKCAAQsQMQgwEQClAAWKEBYPgDaABwAHgCgAFciAHLA5IBATiYAQCgAQE&amp;sclient=gws-wiz\">\n</form>\n<hr noshade=\"\" size=\"1\" style=\"color:#ccc; background-color:#ccc;\">\n\n<div style=\"font-size:13px;\">\n<b>About this page</b><br><br>\n\nOur systems have detected unusual traffic from your computer network.  This page checks to see if it's really you sending the requests, and not a robot.  <a href=\"#\" onclick=\"document.getElementById('infoDiv').style.display='block';\">Why did this happen?</a><br><br>\n\n<div id=\"infoDiv\" style=\"display:none; background-color:#eee; padding:10px; margin:0 0 15px 0; line-height:1.4em;\">\nThis page appears when Google automatically detects requests coming from your computer network which appear to be in violation of the <a href=\"//www.google.com/policies/terms/\">Terms of Service</a>. The block will expire shortly after those requests stop.  In the meantime, solving the above CAPTCHA will let you continue to use our services.<br><br>This traffic may have been sent by malicious software, a browser plug-in, or a script that sends automated requests.  If you share your network connection, ask your administrator for help â€” a different computer using the same IP address may be responsible.  <a href=\"//support.google.com/websearch/answer/86640\">Learn more</a><br><br>Sometimes you may be asked to solve the CAPTCHA if you are using advanced terms that robots are known to use, or sending requests very quickly.\n</div>\n\nIP address: 20.97.15.171<br>Time: 2022-02-19T01:37:44Z<br>URL: https://www.google.com/search?q=SHAFT_Engine&amp;source=hp&amp;ei=5UkQYtXrI9erqtsPsry4yAE&amp;iflsig=AHkkrS4AAAAAYhBX9Uh03O4Ug56HNKEGMhybrcIcapoS&amp;ved=0ahUKEwiV8s3c0Ir2AhXXlWoFHTIeDhkQ4dUDCAk&amp;uact=5&amp;oq=SHAFT_Engine&amp;gs_lcp=Cgdnd3Mtd2l6EAMyBAgAEAoyBAgAEAoyBAgAEAoyBAgAEAoyBwgAEMkDEB4yBAgAEB4yCAgAEAUQChAeMggIABAFEAoQHjoLCC4QgAQQsQMQ1AI6CAguEIAEELEDOggIABCABBCxAzoFCC4QgAQ6BQguELEDOgsILhCABBCxAxCDAToHCC4QsQMQCjoHCAAQsQMQCjoKCC4QsQMQgwEQCjoECC4QCjoKCAAQsQMQgwEQClAAWKEBYPgDaABwAHgCgAFciAHLA5IBATiYAQCgAQE&amp;sclient=gws-wiz<br>\n</div>\n</div>\n\n\n<div style=\"background-color: rgb(255, 255, 255); border: 1px solid rgb(204, 204, 204); box-shadow: rgba(0, 0, 0, 0.2) 2px 2px 3px; position: absolute; transition: visibility 0s linear 0.3s, opacity 0.3s linear 0s; opacity: 0; visibility: hidden; z-index: 2000000000; left: 0px; top: -10000px;\"><div style=\"width: 100%; height: 100%; position: fixed; top: 0px; left: 0px; z-index: 2000000000; background-color: rgb(255, 255, 255); opacity: 0.05;\"></div><div class=\"g-recaptcha-bubble-arrow\" style=\"border: 11px solid transparent; width: 0px; height: 0px; position: absolute; pointer-events: none; margin-top: -11px; z-index: 2000000000;\"></div><div class=\"g-recaptcha-bubble-arrow\" style=\"border: 10px solid transparent; width: 0px; height: 0px; position: absolute; pointer-events: none; margin-top: -10px; z-index: 2000000000;\"></div><div style=\"z-index: 2000000000; position: relative;\"><iframe title=\"recaptcha challenge expires in two minutes\" src=\"https://www.google.com/recaptcha/api2/bframe?hl=en&amp;v=1B_yv3CBEV10KtI2HJ6eEXhJ&amp;k=6LfwuyUTAAAAAOAmoS0fdqijC2PbbdH4kjq62Y1b\" name=\"c-cgp1oyis4opl\" frameborder=\"0\" scrolling=\"no\" sandbox=\"allow-forms allow-popups allow-same-origin allow-scripts allow-top-navigation allow-modals allow-popups-to-escape-sandbox\" style=\"width: 100%; height: 100%;\"></iframe></div></div></body></html>]]"
      } ],
      "stepsCount" : 0,
      "attachmentsCount" : 1,
      "shouldDisplayMessage" : false,
      "hasContent" : true
    } ],
    "attachments" : [ ],
    "parameters" : [ ],
    "stepsCount" : 1,
    "attachmentsCount" : 1,
    "shouldDisplayMessage" : false,
    "hasContent" : true
  }, {
    "name" : "teardownActivities",
    "time" : {
      "start" : 1645234694721,
      "stop" : 1645234694980,
      "duration" : 259
    },
    "description" : "",
    "status" : "passed",
    "steps" : [ {
      "name" : "Successfully Closed All Drivers.",
      "time" : {
        "start" : 1645234694721,
        "stop" : 1645234694721,
        "duration" : 0
      },
      "status" : "passed",
      "steps" : [ ],
      "attachments" : [ ],
      "parameters" : [ {
        "name" : "actionCounter",
        "value" : "57"
      }, {
        "name" : "logText",
        "value" : "Successfully Closed All Drivers."
      } ],
      "stepsCount" : 0,
      "attachmentsCount" : 0,
      "shouldDisplayMessage" : false,
      "hasContent" : true
    }, {
      "name" : "Issue Summary: Total Issues = 2, New issues for Failed Tests = 2, Open issues for Passed Tests = 0, Open issues for Failed Tests = 0. Kindly check the attached Issue details.",
      "time" : {
        "start" : 1645234694729,
        "stop" : 1645234694729,
        "duration" : 0
      },
      "status" : "passed",
      "steps" : [ ],
      "attachments" : [ {
        "uid" : "3d07d0110f6d7713",
        "name" : "Attachment: SHAFT Engine Logs - Issues log CSV: 20220219-013814",
        "source" : "3d07d0110f6d7713.csv",
        "type" : "text/csv",
        "size" : 342
      } ],
      "parameters" : [ {
        "name" : "actionCounter",
        "value" : "58"
      }, {
        "name" : "logText",
        "value" : "Issue Summary: Total Issues = 2, New issues for Failed Tests = 2, Open issues for Passed Tests = 0, Open issues for Failed Tests = 0. Kindly check the attached Issue details."
      }, {
        "name" : "attachments",
        "value" : "[[SHAFT Engine Logs, Issues log CSV: 20220219-013814, java.io.ByteArrayInputStream@5e4c26a1]]"
      } ],
      "stepsCount" : 0,
      "attachmentsCount" : 1,
      "shouldDisplayMessage" : false,
      "hasContent" : true
    } ],
    "attachments" : [ {
      "uid" : "3128892eb51d0ebd",
      "name" : "Attachment: SHAFT Engine Logs - Execution log: 20220219-013814",
      "source" : "3128892eb51d0ebd.txt",
      "type" : "text/plain",
      "size" : 49955
    }, {
      "uid" : "b8b01c54d5b0404",
      "name" : "Attachment: HTML - Extent Emailable Execution Report",
      "source" : "b8b01c54d5b0404.html",
      "type" : "text/html",
      "size" : 350177
    } ],
    "parameters" : [ ],
    "stepsCount" : 2,
    "attachmentsCount" : 3,
    "shouldDisplayMessage" : false,
    "hasContent" : true
  } ],
  "labels" : [ {
    "name" : "package",
    "value" : "tests.gui.google.B_Search_FlatTest_SHAFT"
  }, {
    "name" : "testClass",
    "value" : "tests.gui.google.B_Search_FlatTest_SHAFT"
  }, {
    "name" : "testMethod",
    "value" : "searchForQueryAndAssertFirstResultTextIsCorrect"
  }, {
    "name" : "parentSuite",
    "value" : "SHAFT: Custom Suite"
  }, {
    "name" : "suite",
    "value" : "SHAFT: Custom Test"
  }, {
    "name" : "subSuite",
    "value" : "tests.gui.google.B_Search_FlatTest_SHAFT"
  }, {
    "name" : "host",
    "value" : "fv-az397-799"
  }, {
    "name" : "thread",
    "value" : "3784@fv-az397-799.main(1)"
  }, {
    "name" : "framework",
    "value" : "testng"
  }, {
    "name" : "language",
    "value" : "java"
  }, {
    "name" : "resultFormat",
    "value" : "allure2"
  } ],
  "parameters" : [ ],
  "links" : [ ],
  "hidden" : false,
  "retry" : false,
  "extra" : {
    "severity" : "normal",
    "retries" : [ ],
    "categories" : [ {
      "name" : "Product defects",
      "matchedStatuses" : [ ],
      "flaky" : false
    } ],
    "history" : {
      "statistic" : {
        "failed" : 175,
        "broken" : 0,
        "skipped" : 0,
        "passed" : 0,
        "unknown" : 0,
        "total" : 175
      },
      "items" : [ {
        "uid" : "fd16a336e029aa8e",
        "reportUrl" : "https://MohabMohie.github.io/using_SHAFT_ENGINE/allure/1558//#testresult/fd16a336e029aa8e",
        "status" : "failed",
        "statusDetails" : "Assertion [ValidateElementAttribute] FAILED. Expected [Value Should be 'MohabMohie' for the 'Text' attribute, element locator 'By.xpath: (//h1[contains(text(),'Search Result')]/following-sibling::div//a/h3)[1]'] and Actual [SHAFT_ENGINE is a Test Automation Engine that ... - GitHub]. Comparison Type [CONTAINS]. Validation Type [POSITIVE].",
        "time" : {
          "start" : 1645209417338,
          "stop" : 1645209420523,
          "duration" : 3185
        }
      }, {
        "uid" : "2c9e011fbf7da063",
        "reportUrl" : "https://MohabMohie.github.io/using_SHAFT_ENGINE/allure/1557//#testresult/2c9e011fbf7da063",
        "status" : "failed",
        "statusDetails" : "Assertion [ValidateElementAttribute] FAILED. Expected [Value Should be 'MohabMohie' for the 'Text' attribute, element locator 'By.xpath: (//h1[contains(text(),'Search Result')]/following-sibling::div//a/h3)[1]'] and Actual [SHAFT_ENGINE is a Test Automation Engine that ... - GitHub]. Comparison Type [CONTAINS]. Validation Type [POSITIVE].",
        "time" : {
          "start" : 1645188488714,
          "stop" : 1645188492397,
          "duration" : 3683
        }
      }, {
        "uid" : "ef8bd66d4c742945",
        "reportUrl" : "https://MohabMohie.github.io/using_SHAFT_ENGINE/allure/1556//#testresult/ef8bd66d4c742945",
        "status" : "failed",
        "statusDetails" : "Assertion [ValidateElementAttribute] FAILED. Expected [Value Should be 'MohabMohie' for the 'Text' attribute, element locator 'By.xpath: (//h1[contains(text(),'Search Result')]/following-sibling::div//a/h3)[1]'] and Actual [SHAFT_ENGINE is a Test Automation Engine that ... - GitHub]. Comparison Type [CONTAINS]. Validation Type [POSITIVE].",
        "time" : {
          "start" : 1645166296011,
          "stop" : 1645166299299,
          "duration" : 3288
        }
      }, {
        "uid" : "37fd90df88e2743b",
        "reportUrl" : "https://MohabMohie.github.io/using_SHAFT_ENGINE/allure/1555//#testresult/37fd90df88e2743b",
        "status" : "failed",
        "statusDetails" : "Assertion [ValidateElementAttribute] FAILED. Expected [Value Should be 'MohabMohie' for the 'Text' attribute, element locator 'By.xpath: (//h1[contains(text(),'Search Result')]/following-sibling::div//a/h3)[1]'] and Actual [SHAFT_ENGINE is a Test Automation Engine that ... - GitHub]. Comparison Type [CONTAINS]. Validation Type [POSITIVE].",
        "time" : {
          "start" : 1645148486036,
          "stop" : 1645148489309,
          "duration" : 3273
        }
      }, {
        "uid" : "132d6beab71a0616",
        "reportUrl" : "https://MohabMohie.github.io/using_SHAFT_ENGINE/allure/1554//#testresult/132d6beab71a0616",
        "status" : "failed",
        "statusDetails" : "Assertion [ValidateElementAttribute] FAILED. Expected [Value Should be 'MohabMohie' for the 'Text' attribute, element locator 'By.xpath: (//h1[contains(text(),'Search Result')]/following-sibling::div//a/h3)[1]'] and Actual [SHAFT_ENGINE is a Test Automation Engine that ... - GitHub]. Comparison Type [CONTAINS]. Validation Type [POSITIVE].",
        "time" : {
          "start" : 1645123041039,
          "stop" : 1645123043877,
          "duration" : 2838
        }
      }, {
        "uid" : "af67292096aa83ee",
        "reportUrl" : "https://MohabMohie.github.io/using_SHAFT_ENGINE/allure/1553//#testresult/af67292096aa83ee",
        "status" : "failed",
        "statusDetails" : "Assertion [ValidateElementAttribute] FAILED. Expected [Value Should be 'MohabMohie' for the 'Text' attribute, element locator 'By.xpath: (//h1[contains(text(),'Search Result')]/following-sibling::div//a/h3)[1]'] and Actual [SHAFT: Unified Test Automation Engine - GitHub]. Comparison Type [CONTAINS]. Validation Type [POSITIVE].",
        "time" : {
          "start" : 1645102078881,
          "stop" : 1645102081428,
          "duration" : 2547
        }
      }, {
        "uid" : "a7169eca5a61c5cc",
        "reportUrl" : "https://MohabMohie.github.io/using_SHAFT_ENGINE/allure/1552//#testresult/a7169eca5a61c5cc",
        "status" : "failed",
        "statusDetails" : "Assertion [ValidateElementAttribute] FAILED. Expected [Value Should be 'MohabMohie' for the 'Text' attribute, element locator 'By.xpath: (//h1[contains(text(),'Search Result')]/following-sibling::div//a/h3)[1]'] and Actual [SHAFT: Unified Test Automation Engine - GitHub]. Comparison Type [CONTAINS]. Validation Type [POSITIVE].",
        "time" : {
          "start" : 1645079907505,
          "stop" : 1645079910313,
          "duration" : 2808
        }
      }, {
        "uid" : "599d9defe2d4fd18",
        "reportUrl" : "https://MohabMohie.github.io/using_SHAFT_ENGINE/allure/1551//#testresult/599d9defe2d4fd18",
        "status" : "failed",
        "statusDetails" : "Assertion [ValidateElementAttribute] FAILED. Expected [Value Should be 'MohabMohie' for the 'Text' attribute, element locator 'By.xpath: (//h1[contains(text(),'Search Result')]/following-sibling::div//a/h3)[1]'] and Actual [SHAFT: Unified Test Automation Engine - GitHub]. Comparison Type [CONTAINS]. Validation Type [POSITIVE].",
        "time" : {
          "start" : 1645061316391,
          "stop" : 1645061319331,
          "duration" : 2940
        }
      }, {
        "uid" : "c23004474262c3d5",
        "reportUrl" : "https://MohabMohie.github.io/using_SHAFT_ENGINE/allure/1550//#testresult/c23004474262c3d5",
        "status" : "failed",
        "statusDetails" : "Assertion [ValidateElementAttribute] FAILED. Expected [Value Should be 'MohabMohie' for the 'Text' attribute, element locator 'By.xpath: (//h1[contains(text(),'Search Result')]/following-sibling::div//a/h3)[1]'] and Actual [SHAFT: Unified Test Automation Engine - GitHub]. Comparison Type [CONTAINS]. Validation Type [POSITIVE].",
        "time" : {
          "start" : 1645036603133,
          "stop" : 1645036606030,
          "duration" : 2897
        }
      }, {
        "uid" : "eda40150637765a8",
        "reportUrl" : "https://MohabMohie.github.io/using_SHAFT_ENGINE/allure/1549//#testresult/eda40150637765a8",
        "status" : "failed",
        "statusDetails" : "Assertion [ValidateElementAttribute] FAILED. Expected [Value Should be 'MohabMohie' for the 'Text' attribute, element locator 'By.xpath: (//h1[contains(text(),'Search Result')]/following-sibling::div//a/h3)[1]'] and Actual [SHAFT: Unified Test Automation Engine - GitHub]. Comparison Type [CONTAINS]. Validation Type [POSITIVE].",
        "time" : {
          "start" : 1645015630731,
          "stop" : 1645015633431,
          "duration" : 2700
        }
      }, {
        "uid" : "5ea8fdbdd8f6ab47",
        "reportUrl" : "https://MohabMohie.github.io/using_SHAFT_ENGINE/allure/1548//#testresult/5ea8fdbdd8f6ab47",
        "status" : "failed",
        "statusDetails" : "Assertion [ValidateElementAttribute] FAILED. Expected [Value Should be 'MohabMohie' for the 'Text' attribute, element locator 'By.xpath: (//h1[contains(text(),'Search Result')]/following-sibling::div//a/h3)[1]'] and Actual [SHAFT: Unified Test Automation Engine - GitHub]. Comparison Type [CONTAINS]. Validation Type [POSITIVE].",
        "time" : {
          "start" : 1644993470162,
          "stop" : 1644993472841,
          "duration" : 2679
        }
      }, {
        "uid" : "fdd217d44aa06f98",
        "reportUrl" : "https://MohabMohie.github.io/using_SHAFT_ENGINE/allure/1547//#testresult/fdd217d44aa06f98",
        "status" : "failed",
        "statusDetails" : "Assertion [ValidateElementAttribute] FAILED. Expected [Value Should be 'MohabMohie' for the 'Text' attribute, element locator 'By.xpath: (//h1[contains(text(),'Search Result')]/following-sibling::div//a/h3)[1]'] and Actual [SHAFT: Unified Test Automation Engine - GitHub]. Comparison Type [CONTAINS]. Validation Type [POSITIVE].",
        "time" : {
          "start" : 1644975717113,
          "stop" : 1644975719789,
          "duration" : 2676
        }
      }, {
        "uid" : "9325dcbe040ea037",
        "reportUrl" : "https://MohabMohie.github.io/using_SHAFT_ENGINE/allure/1546//#testresult/9325dcbe040ea037",
        "status" : "failed",
        "statusDetails" : "Assertion [ValidateElementAttribute] FAILED. Expected [Value Should be 'MohabMohie' for the 'Text' attribute, element locator 'By.xpath: (//h1[contains(text(),'Search Result')]/following-sibling::div//a/h3)[1]'] and Actual [SHAFT: Unified Test Automation Engine - GitHub]. Comparison Type [CONTAINS]. Validation Type [POSITIVE].",
        "time" : {
          "start" : 1644950137232,
          "stop" : 1644950139937,
          "duration" : 2705
        }
      }, {
        "uid" : "e3d20bdf9953f6e9",
        "reportUrl" : "https://MohabMohie.github.io/using_SHAFT_ENGINE/allure/1545//#testresult/e3d20bdf9953f6e9",
        "status" : "failed",
        "statusDetails" : "Assertion [ValidateElementAttribute] FAILED. Expected [Value Should be 'MohabMohie' for the 'Text' attribute, element locator 'By.xpath: (//h1[contains(text(),'Search Result')]/following-sibling::div//a/h3)[1]'] and Actual [SHAFT: Unified Test Automation Engine - GitHub]. Comparison Type [CONTAINS]. Validation Type [POSITIVE].",
        "time" : {
          "start" : 1644929351459,
          "stop" : 1644929354246,
          "duration" : 2787
        }
      }, {
        "uid" : "2cb992142d60c9e6",
        "reportUrl" : "https://MohabMohie.github.io/using_SHAFT_ENGINE/allure/1544//#testresult/2cb992142d60c9e6",
        "status" : "failed",
        "statusDetails" : "Assertion [ValidateElementAttribute] FAILED. Expected [Value Should be 'MohabMohie' for the 'Text' attribute, element locator 'By.xpath: (//h1[contains(text(),'Search Result')]/following-sibling::div//a/h3)[1]'] and Actual [SHAFT: Unified Test Automation Engine - GitHub]. Comparison Type [CONTAINS]. Validation Type [POSITIVE].",
        "time" : {
          "start" : 1644907046147,
          "stop" : 1644907048840,
          "duration" : 2693
        }
      }, {
        "uid" : "6c27e21986a7ccd0",
        "reportUrl" : "https://MohabMohie.github.io/using_SHAFT_ENGINE/allure/1541//#testresult/6c27e21986a7ccd0",
        "status" : "failed",
        "statusDetails" : "Assertion [ValidateElementAttribute] FAILED. Expected [Value Should be 'MohabMohie' for the 'Text' attribute, element locator 'By.xpath: (//h1[contains(text(),'Search Result')]/following-sibling::div//a/h3)[1]'] and Actual [SHAFT: Unified Test Automation Engine - GitHub]. Comparison Type [CONTAINS]. Validation Type [POSITIVE].",
        "time" : {
          "start" : 1644863844388,
          "stop" : 1644863848243,
          "duration" : 3855
        }
      }, {
        "uid" : "21ba4e6e73c97e3",
        "reportUrl" : "https://MohabMohie.github.io/using_SHAFT_ENGINE/allure/1540//#testresult/21ba4e6e73c97e3",
        "status" : "failed",
        "statusDetails" : "Assertion [ValidateElementAttribute] FAILED. Expected [Value Should be 'MohabMohie' for the 'Text' attribute, element locator 'By.xpath: (//h1[contains(text(),'Search Result')]/following-sibling::div//a/h3)[1]'] and Actual [SHAFT: Unified Test Automation Engine - GitHub]. Comparison Type [CONTAINS]. Validation Type [POSITIVE].",
        "time" : {
          "start" : 1644842910006,
          "stop" : 1644842913656,
          "duration" : 3650
        }
      }, {
        "uid" : "94c7f949c9f89252",
        "reportUrl" : "https://MohabMohie.github.io/using_SHAFT_ENGINE/allure/1539//#testresult/94c7f949c9f89252",
        "status" : "failed",
        "statusDetails" : "Assertion [ValidateElementAttribute] FAILED. Expected [Value Should be 'MohabMohie' for the 'Text' attribute, element locator 'By.xpath: (//h1[contains(text(),'Search Result')]/following-sibling::div//a/h3)[1]'] and Actual [SHAFT: Unified Test Automation Engine - GitHub]. Comparison Type [CONTAINS]. Validation Type [POSITIVE].",
        "time" : {
          "start" : 1644820677059,
          "stop" : 1644820680063,
          "duration" : 3004
        }
      }, {
        "uid" : "d42059ad01e7e63a",
        "reportUrl" : "https://MohabMohie.github.io/using_SHAFT_ENGINE/allure/1538//#testresult/d42059ad01e7e63a",
        "status" : "failed",
        "statusDetails" : "Assertion [ValidateElementAttribute] FAILED. Expected [Value Should be 'MohabMohie' for the 'Text' attribute, element locator 'By.xpath: (//h1[contains(text(),'Search Result')]/following-sibling::div//a/h3)[1]'] and Actual [SHAFT: Unified Test Automation Engine - GitHub]. Comparison Type [CONTAINS]. Validation Type [POSITIVE].",
        "time" : {
          "start" : 1644802317805,
          "stop" : 1644802320288,
          "duration" : 2483
        }
      }, {
        "uid" : "4b44c24fe69ce158",
        "reportUrl" : "https://MohabMohie.github.io/using_SHAFT_ENGINE/allure/1536//#testresult/4b44c24fe69ce158",
        "status" : "failed",
        "statusDetails" : "Assertion [ValidateElementAttribute] FAILED. Expected [Value Should be 'MohabMohie' for the 'Text' attribute, element locator 'By.xpath: (//h1[contains(text(),'Search Result')]/following-sibling::div//a/h3)[1]'] and Actual [SHAFT: Unified Test Automation Engine - GitHub]. Comparison Type [CONTAINS]. Validation Type [POSITIVE].",
        "time" : {
          "start" : 1644777264881,
          "stop" : 1644777267880,
          "duration" : 2999
        }
      } ]
    },
    "tags" : [ ]
  },
  "source" : "780ef2e6b032bfa7.json",
  "parameterValues" : [ ]
}