{
  "uid" : "ac042a294874ba42",
  "name" : "TC001 - Open Browser, Navigate to Google, Search for query, Assert Result",
  "fullName" : "This Feature file demonstrates SHAFT_Engine's built in steps: TC001 - Open Browser, Navigate to Google, Search for query, Assert Result",
  "historyId" : "5fb1518ff2613202083adcafe65f17bb",
  "time" : {
    "start" : 1613155574084,
    "stop" : 1613155579904,
    "duration" : 5820
  },
  "descriptionHtml" : "<p dir=\"ltr\"><b style=\"color:ForestGreen;\">Given </b>I Open the target browser<br/><b style=\"color:ForestGreen;\">When </b>I Navigate to \"https://www.google.com/ncr\" and get redirected to \"https://www.google.com/\"<br/><b style=\"color:ForestGreen;\">And </b>I Type \"SHAFT_Engine\" into the element found by \"name\": \"q\"<br/><b style=\"color:ForestGreen;\">And </b>I Press the \"Enter\" key into the element found by \"name\": \"q\"<br/><b style=\"color:ForestGreen;\">Then </b>I Assert that the \"href\" attribute of the element found by \"xpath\": \"(//h2[text()='Web result with site links']/following::a)[1]\", equals \"https://github.com/MohabMohie/SHAFT_ENGINE\"<br/><b style=\"color:ForestGreen;\">And </b>I Close the current window<br/></p>",
  "status" : "failed",
  "statusMessage" : "AssertElementAttribute FAILED; Expected [Value Should be 'https://github.com/MohabMohie/SHAFT_ENGINE' for the 'href' attribute, element locator 'By.xpath: (//h2[text()='Web result with site links']/following::a)[1]'] and Actual [Failed to read the desired element attribute]. Comparison Type [EQUALS]. Validation Type [POSITIVE].",
  "statusTrace" : "java.lang.AssertionError: AssertElementAttribute FAILED; Expected [Value Should be 'https://github.com/MohabMohie/SHAFT_ENGINE' for the 'href' attribute, element locator 'By.xpath: (//h2[text()='Web result with site links']/following::a)[1]'] and Actual [Failed to read the desired element attribute]. Comparison Type [EQUALS]. Validation Type [POSITIVE].\n\tat org.testng.Assert.fail(Assert.java:87)\n\tat com.shaft.validation.ValidationActions.reportValidationState(ValidationActions.java:555)\n\tat com.shaft.validation.ValidationActions.fail(ValidationActions.java:456)\n\tat com.shaft.validation.ValidationActions.validateElementAttribute(ValidationActions.java:165)\n\tat com.shaft.validation.Assertions.assertElementAttribute(Assertions.java:132)\n\tat com.shaft.cucumber.AssertionSteps.assertElementAttributeEquals(AssertionSteps.java:105)\n\tat ✽.I Assert that the \"href\" attribute of the element found by \"xpath\": \"(//h2[text()='Web result with site links']/following::a)[1]\", equals \"https://github.com/MohabMohie/SHAFT_ENGINE\"(file:///home/runner/work/using_SHAFT_ENGINE/using_SHAFT_ENGINE/src/test/resources/CucumberFeatures/Google.feature:9)\nCaused by: java.lang.AssertionError: Element Action [identifyUniqueElement] failed. With the following test data [zero elements found matching this locator \"By.xpath: (//h2[text()='Web result with site links']/following::a)[1]\".].\n\tat org.testng.Assert.fail(Assert.java:99)\n\tat com.shaft.gui.element.ElementActions.failAction(ElementActions.java:1525)\n\tat com.shaft.gui.element.ElementActions.failAction(ElementActions.java:1351)\n\tat com.shaft.gui.element.ElementActions.identifyUniqueElement(ElementActions.java:1586)\n\tat com.shaft.gui.element.ElementActions.identifyUniqueElement(ElementActions.java:1360)\n\tat com.shaft.gui.element.ElementActions.getAttribute(ElementActions.java:464)\n\tat com.shaft.validation.ValidationActions.validateElementAttribute(ValidationActions.java:159)\n\tat com.shaft.validation.Assertions.assertElementAttribute(Assertions.java:132)\n\tat com.shaft.cucumber.AssertionSteps.assertElementAttributeEquals(AssertionSteps.java:105)\n\tat java.base/jdk.internal.reflect.NativeMethodAccessorImpl.invoke0(Native Method)\n\tat java.base/jdk.internal.reflect.NativeMethodAccessorImpl.invoke(NativeMethodAccessorImpl.java:64)\n\tat java.base/jdk.internal.reflect.DelegatingMethodAccessorImpl.invoke(DelegatingMethodAccessorImpl.java:43)\n\tat java.base/java.lang.reflect.Method.invoke(Method.java:564)\n\tat io.cucumber.java.Invoker.doInvoke(Invoker.java:66)\n\tat io.cucumber.java.Invoker.invoke(Invoker.java:24)\n\tat io.cucumber.java.AbstractGlueDefinition.invokeMethod(AbstractGlueDefinition.java:47)\n\tat io.cucumber.java.JavaStepDefinition.execute(JavaStepDefinition.java:29)\n\tat io.cucumber.core.runner.CoreStepDefinition.execute(CoreStepDefinition.java:66)\n\tat io.cucumber.core.runner.PickleStepDefinitionMatch.runStep(PickleStepDefinitionMatch.java:63)\n\tat io.cucumber.core.runner.ExecutionMode$1.execute(ExecutionMode.java:10)\n\tat io.cucumber.core.runner.TestStep.executeStep(TestStep.java:92)\n\tat io.cucumber.core.runner.TestStep.run(TestStep.java:64)\n\tat io.cucumber.core.runner.PickleStepTestStep.run(PickleStepTestStep.java:51)\n\tat io.cucumber.core.runner.TestCase.run(TestCase.java:104)\n\tat io.cucumber.core.runner.Runner.runPickle(Runner.java:71)\n\tat io.cucumber.testng.TestNGCucumberRunner.lambda$runScenario$0(TestNGCucumberRunner.java:116)\n\tat io.cucumber.core.runtime.CucumberExecutionContext.runTestCase(CucumberExecutionContext.java:117)\n\tat io.cucumber.testng.TestNGCucumberRunner.runScenario(TestNGCucumberRunner.java:113)\n\tat io.cucumber.testng.AbstractTestNGCucumberTests.runScenario(AbstractTestNGCucumberTests.java:31)\n\tat java.base/jdk.internal.reflect.NativeMethodAccessorImpl.invoke0(Native Method)\n\tat java.base/jdk.internal.reflect.NativeMethodAccessorImpl.invoke(NativeMethodAccessorImpl.java:64)\n\tat java.base/jdk.internal.reflect.DelegatingMethodAccessorImpl.invoke(DelegatingMethodAccessorImpl.java:43)\n\tat java.base/java.lang.reflect.Method.invoke(Method.java:564)\n\tat org.testng.internal.MethodInvocationHelper.invokeMethod(MethodInvocationHelper.java:132)\n\tat org.testng.internal.TestInvoker.invokeMethod(TestInvoker.java:599)\n\tat org.testng.internal.TestInvoker.invokeTestMethod(TestInvoker.java:174)\n\tat org.testng.internal.MethodRunner.runInSequence(MethodRunner.java:46)\n\tat org.testng.internal.TestInvoker$MethodInvocationAgent.invoke(TestInvoker.java:822)\n\tat org.testng.internal.TestInvoker.invokeTestMethods(TestInvoker.java:147)\n\tat org.testng.internal.TestMethodWorker.invokeTestMethods(TestMethodWorker.java:146)\n\tat org.testng.internal.TestMethodWorker.run(TestMethodWorker.java:128)\n\tat java.base/java.util.ArrayList.forEach(ArrayList.java:1511)\n\tat org.testng.TestRunner.privateRun(TestRunner.java:764)\n\tat org.testng.TestRunner.run(TestRunner.java:585)\n\tat org.testng.SuiteRunner.runTest(SuiteRunner.java:384)\n\tat org.testng.SuiteRunner.runSequentially(SuiteRunner.java:378)\n\tat org.testng.SuiteRunner.privateRun(SuiteRunner.java:337)\n\tat org.testng.SuiteRunner.run(SuiteRunner.java:286)\n\tat org.testng.SuiteRunnerWorker.runSuite(SuiteRunnerWorker.java:53)\n\tat org.testng.SuiteRunnerWorker.run(SuiteRunnerWorker.java:96)\n\tat org.testng.TestNG.runSuitesSequentially(TestNG.java:1218)\n\tat org.testng.TestNG.runSuitesLocally(TestNG.java:1140)\n\tat org.testng.TestNG.runSuites(TestNG.java:1069)\n\tat org.testng.TestNG.run(TestNG.java:1037)\n\tat org.apache.maven.surefire.testng.TestNGExecutor.run(TestNGExecutor.java:136)\n\tat org.apache.maven.surefire.testng.TestNGDirectoryTestSuite.executeMulti(TestNGDirectoryTestSuite.java:193)\n\tat org.apache.maven.surefire.testng.TestNGDirectoryTestSuite.execute(TestNGDirectoryTestSuite.java:94)\n\tat org.apache.maven.surefire.testng.TestNGProvider.invoke(TestNGProvider.java:145)\n\tat org.apache.maven.surefire.booter.ForkedBooter.runSuitesInProcess(ForkedBooter.java:428)\n\tat org.apache.maven.surefire.booter.ForkedBooter.execute(ForkedBooter.java:162)\n\tat org.apache.maven.surefire.booter.ForkedBooter.run(ForkedBooter.java:562)\n\tat org.apache.maven.surefire.booter.ForkedBooter.main(ForkedBooter.java:548)\n",
  "flaky" : false,
  "newFailed" : false,
  "beforeStages" : [ {
    "name" : "setUpClass",
    "time" : {
      "start" : 1613155572899,
      "stop" : 1613155573936,
      "duration" : 1037
    },
    "description" : "",
    "status" : "passed",
    "steps" : [ ],
    "attachments" : [ {
      "uid" : "6e22584f6b01ead1",
      "name" : "Attachment: SHAFT Engine Logs - Current Method log: setUpClass",
      "source" : "6e22584f6b01ead1.txt",
      "type" : "text/plain",
      "size" : 508
    } ],
    "parameters" : [ ],
    "stepsCount" : 0,
    "attachmentsCount" : 1,
    "shouldDisplayMessage" : false,
    "hasContent" : true
  } ],
  "testStage" : {
    "descriptionHtml" : "<p dir=\"ltr\"><b style=\"color:ForestGreen;\">Given </b>I Open the target browser<br/><b style=\"color:ForestGreen;\">When </b>I Navigate to \"https://www.google.com/ncr\" and get redirected to \"https://www.google.com/\"<br/><b style=\"color:ForestGreen;\">And </b>I Type \"SHAFT_Engine\" into the element found by \"name\": \"q\"<br/><b style=\"color:ForestGreen;\">And </b>I Press the \"Enter\" key into the element found by \"name\": \"q\"<br/><b style=\"color:ForestGreen;\">Then </b>I Assert that the \"href\" attribute of the element found by \"xpath\": \"(//h2[text()='Web result with site links']/following::a)[1]\", equals \"https://github.com/MohabMohie/SHAFT_ENGINE\"<br/><b style=\"color:ForestGreen;\">And </b>I Close the current window<br/></p>",
    "status" : "failed",
    "statusMessage" : "AssertElementAttribute FAILED; Expected [Value Should be 'https://github.com/MohabMohie/SHAFT_ENGINE' for the 'href' attribute, element locator 'By.xpath: (//h2[text()='Web result with site links']/following::a)[1]'] and Actual [Failed to read the desired element attribute]. Comparison Type [EQUALS]. Validation Type [POSITIVE].",
    "statusTrace" : "java.lang.AssertionError: AssertElementAttribute FAILED; Expected [Value Should be 'https://github.com/MohabMohie/SHAFT_ENGINE' for the 'href' attribute, element locator 'By.xpath: (//h2[text()='Web result with site links']/following::a)[1]'] and Actual [Failed to read the desired element attribute]. Comparison Type [EQUALS]. Validation Type [POSITIVE].\n\tat org.testng.Assert.fail(Assert.java:87)\n\tat com.shaft.validation.ValidationActions.reportValidationState(ValidationActions.java:555)\n\tat com.shaft.validation.ValidationActions.fail(ValidationActions.java:456)\n\tat com.shaft.validation.ValidationActions.validateElementAttribute(ValidationActions.java:165)\n\tat com.shaft.validation.Assertions.assertElementAttribute(Assertions.java:132)\n\tat com.shaft.cucumber.AssertionSteps.assertElementAttributeEquals(AssertionSteps.java:105)\n\tat ✽.I Assert that the \"href\" attribute of the element found by \"xpath\": \"(//h2[text()='Web result with site links']/following::a)[1]\", equals \"https://github.com/MohabMohie/SHAFT_ENGINE\"(file:///home/runner/work/using_SHAFT_ENGINE/using_SHAFT_ENGINE/src/test/resources/CucumberFeatures/Google.feature:9)\nCaused by: java.lang.AssertionError: Element Action [identifyUniqueElement] failed. With the following test data [zero elements found matching this locator \"By.xpath: (//h2[text()='Web result with site links']/following::a)[1]\".].\n\tat org.testng.Assert.fail(Assert.java:99)\n\tat com.shaft.gui.element.ElementActions.failAction(ElementActions.java:1525)\n\tat com.shaft.gui.element.ElementActions.failAction(ElementActions.java:1351)\n\tat com.shaft.gui.element.ElementActions.identifyUniqueElement(ElementActions.java:1586)\n\tat com.shaft.gui.element.ElementActions.identifyUniqueElement(ElementActions.java:1360)\n\tat com.shaft.gui.element.ElementActions.getAttribute(ElementActions.java:464)\n\tat com.shaft.validation.ValidationActions.validateElementAttribute(ValidationActions.java:159)\n\tat com.shaft.validation.Assertions.assertElementAttribute(Assertions.java:132)\n\tat com.shaft.cucumber.AssertionSteps.assertElementAttributeEquals(AssertionSteps.java:105)\n\tat java.base/jdk.internal.reflect.NativeMethodAccessorImpl.invoke0(Native Method)\n\tat java.base/jdk.internal.reflect.NativeMethodAccessorImpl.invoke(NativeMethodAccessorImpl.java:64)\n\tat java.base/jdk.internal.reflect.DelegatingMethodAccessorImpl.invoke(DelegatingMethodAccessorImpl.java:43)\n\tat java.base/java.lang.reflect.Method.invoke(Method.java:564)\n\tat io.cucumber.java.Invoker.doInvoke(Invoker.java:66)\n\tat io.cucumber.java.Invoker.invoke(Invoker.java:24)\n\tat io.cucumber.java.AbstractGlueDefinition.invokeMethod(AbstractGlueDefinition.java:47)\n\tat io.cucumber.java.JavaStepDefinition.execute(JavaStepDefinition.java:29)\n\tat io.cucumber.core.runner.CoreStepDefinition.execute(CoreStepDefinition.java:66)\n\tat io.cucumber.core.runner.PickleStepDefinitionMatch.runStep(PickleStepDefinitionMatch.java:63)\n\tat io.cucumber.core.runner.ExecutionMode$1.execute(ExecutionMode.java:10)\n\tat io.cucumber.core.runner.TestStep.executeStep(TestStep.java:92)\n\tat io.cucumber.core.runner.TestStep.run(TestStep.java:64)\n\tat io.cucumber.core.runner.PickleStepTestStep.run(PickleStepTestStep.java:51)\n\tat io.cucumber.core.runner.TestCase.run(TestCase.java:104)\n\tat io.cucumber.core.runner.Runner.runPickle(Runner.java:71)\n\tat io.cucumber.testng.TestNGCucumberRunner.lambda$runScenario$0(TestNGCucumberRunner.java:116)\n\tat io.cucumber.core.runtime.CucumberExecutionContext.runTestCase(CucumberExecutionContext.java:117)\n\tat io.cucumber.testng.TestNGCucumberRunner.runScenario(TestNGCucumberRunner.java:113)\n\tat io.cucumber.testng.AbstractTestNGCucumberTests.runScenario(AbstractTestNGCucumberTests.java:31)\n\tat java.base/jdk.internal.reflect.NativeMethodAccessorImpl.invoke0(Native Method)\n\tat java.base/jdk.internal.reflect.NativeMethodAccessorImpl.invoke(NativeMethodAccessorImpl.java:64)\n\tat java.base/jdk.internal.reflect.DelegatingMethodAccessorImpl.invoke(DelegatingMethodAccessorImpl.java:43)\n\tat java.base/java.lang.reflect.Method.invoke(Method.java:564)\n\tat org.testng.internal.MethodInvocationHelper.invokeMethod(MethodInvocationHelper.java:132)\n\tat org.testng.internal.TestInvoker.invokeMethod(TestInvoker.java:599)\n\tat org.testng.internal.TestInvoker.invokeTestMethod(TestInvoker.java:174)\n\tat org.testng.internal.MethodRunner.runInSequence(MethodRunner.java:46)\n\tat org.testng.internal.TestInvoker$MethodInvocationAgent.invoke(TestInvoker.java:822)\n\tat org.testng.internal.TestInvoker.invokeTestMethods(TestInvoker.java:147)\n\tat org.testng.internal.TestMethodWorker.invokeTestMethods(TestMethodWorker.java:146)\n\tat org.testng.internal.TestMethodWorker.run(TestMethodWorker.java:128)\n\tat java.base/java.util.ArrayList.forEach(ArrayList.java:1511)\n\tat org.testng.TestRunner.privateRun(TestRunner.java:764)\n\tat org.testng.TestRunner.run(TestRunner.java:585)\n\tat org.testng.SuiteRunner.runTest(SuiteRunner.java:384)\n\tat org.testng.SuiteRunner.runSequentially(SuiteRunner.java:378)\n\tat org.testng.SuiteRunner.privateRun(SuiteRunner.java:337)\n\tat org.testng.SuiteRunner.run(SuiteRunner.java:286)\n\tat org.testng.SuiteRunnerWorker.runSuite(SuiteRunnerWorker.java:53)\n\tat org.testng.SuiteRunnerWorker.run(SuiteRunnerWorker.java:96)\n\tat org.testng.TestNG.runSuitesSequentially(TestNG.java:1218)\n\tat org.testng.TestNG.runSuitesLocally(TestNG.java:1140)\n\tat org.testng.TestNG.runSuites(TestNG.java:1069)\n\tat org.testng.TestNG.run(TestNG.java:1037)\n\tat org.apache.maven.surefire.testng.TestNGExecutor.run(TestNGExecutor.java:136)\n\tat org.apache.maven.surefire.testng.TestNGDirectoryTestSuite.executeMulti(TestNGDirectoryTestSuite.java:193)\n\tat org.apache.maven.surefire.testng.TestNGDirectoryTestSuite.execute(TestNGDirectoryTestSuite.java:94)\n\tat org.apache.maven.surefire.testng.TestNGProvider.invoke(TestNGProvider.java:145)\n\tat org.apache.maven.surefire.booter.ForkedBooter.runSuitesInProcess(ForkedBooter.java:428)\n\tat org.apache.maven.surefire.booter.ForkedBooter.execute(ForkedBooter.java:162)\n\tat org.apache.maven.surefire.booter.ForkedBooter.run(ForkedBooter.java:562)\n\tat org.apache.maven.surefire.booter.ForkedBooter.main(ForkedBooter.java:548)\n",
    "steps" : [ {
      "name" : "Action [1]: Attempting to run remotely on: [Linux-64], [GoogleChrome], [http://localhost:4444/wd/hub], Headless Execution.",
      "time" : {
        "start" : 1613155574517,
        "stop" : 1613155574519,
        "duration" : 2
      },
      "status" : "passed",
      "steps" : [ ],
      "attachments" : [ ],
      "parameters" : [ {
        "name" : "actionCounter",
        "value" : "1"
      }, {
        "name" : "logText",
        "value" : "Attempting to run remotely on: [Linux-64], [GoogleChrome], [http://localhost:4444/wd/hub], Headless Execution."
      } ],
      "stepsCount" : 0,
      "attachmentsCount" : 0,
      "shouldDisplayMessage" : false,
      "hasContent" : true
    }, {
      "name" : "Action [2]: Successfully Opened [GoogleChrome].",
      "time" : {
        "start" : 1613155576009,
        "stop" : 1613155576009,
        "duration" : 0
      },
      "status" : "passed",
      "steps" : [ ],
      "attachments" : [ ],
      "parameters" : [ {
        "name" : "actionCounter",
        "value" : "2"
      }, {
        "name" : "logText",
        "value" : "Successfully Opened [GoogleChrome]."
      } ],
      "stepsCount" : 0,
      "attachmentsCount" : 0,
      "shouldDisplayMessage" : false,
      "hasContent" : true
    }, {
      "name" : "Action [3]: Browser Action [navigateToURL] successfully performed. With the following test data [https://www.google.com/ncr].",
      "time" : {
        "start" : 1613155577360,
        "stop" : 1613155577361,
        "duration" : 1
      },
      "status" : "passed",
      "steps" : [ ],
      "attachments" : [ ],
      "parameters" : [ {
        "name" : "actionCounter",
        "value" : "3"
      }, {
        "name" : "logText",
        "value" : "Browser Action [navigateToURL] successfully performed. With the following test data [https://www.google.com/ncr]."
      }, {
        "name" : "attachments",
        "value" : "[null]"
      } ],
      "stepsCount" : 0,
      "attachmentsCount" : 0,
      "shouldDisplayMessage" : false,
      "hasContent" : true
    }, {
      "name" : "Action [4]: Element Action [type] successfully performed. With the following test data [SHAFT_Engine].",
      "time" : {
        "start" : 1613155578156,
        "stop" : 1613155578156,
        "duration" : 0
      },
      "status" : "passed",
      "steps" : [ ],
      "attachments" : [ ],
      "parameters" : [ {
        "name" : "actionCounter",
        "value" : "4"
      }, {
        "name" : "logText",
        "value" : "Element Action [type] successfully performed. With the following test data [SHAFT_Engine]."
      } ],
      "stepsCount" : 0,
      "attachmentsCount" : 0,
      "shouldDisplayMessage" : false,
      "hasContent" : true
    }, {
      "name" : "Action [5]: Element Action [keyPress] successfully performed. With the following test data [Enter].",
      "time" : {
        "start" : 1613155579384,
        "stop" : 1613155579385,
        "duration" : 1
      },
      "status" : "passed",
      "steps" : [ ],
      "attachments" : [ ],
      "parameters" : [ {
        "name" : "actionCounter",
        "value" : "5"
      }, {
        "name" : "logText",
        "value" : "Element Action [keyPress] successfully performed. With the following test data [Enter]."
      } ],
      "stepsCount" : 0,
      "attachmentsCount" : 0,
      "shouldDisplayMessage" : false,
      "hasContent" : true
    }, {
      "name" : "Action [6]: Element Action [identifyUniqueElement] failed. With the following test data [zero elements found matching this locator \"By.xpath: (//h2[text()='Web result with site links']/following::a)[1]\".].",
      "time" : {
        "start" : 1613155579865,
        "stop" : 1613155579866,
        "duration" : 1
      },
      "status" : "passed",
      "steps" : [ ],
      "attachments" : [ {
        "uid" : "39878a5d659fc2e9",
        "name" : "Attachment: Screenshot - 1613155579637_runScenario_identifyUniqueElement_failed",
        "source" : "39878a5d659fc2e9.png",
        "type" : "image/png",
        "size" : 62911
      } ],
      "parameters" : [ {
        "name" : "actionCounter",
        "value" : "6"
      }, {
        "name" : "logText",
        "value" : "Element Action [identifyUniqueElement] failed. With the following test data [zero elements found matching this locator \"By.xpath: (//h2[text()='Web result with site links']/following::a)[1]\".]."
      }, {
        "name" : "attachments",
        "value" : "[[Screenshot, 1613155579637_runScenario_identifyUniqueElement_failed, java.io.ByteArrayInputStream@3bf4644c]]"
      } ],
      "stepsCount" : 0,
      "attachmentsCount" : 1,
      "shouldDisplayMessage" : false,
      "hasContent" : true
    }, {
      "name" : "Action [7]: AssertElementAttribute FAILED; Expected [Value Should be 'https://github.com/MohabMohie/SHAFT_ENGINE' for the 'href' attribute, element locator 'By.xpath: (//h2[text()='Web result with site links']/following::a)[1]'] and Actual [Failed to read the desired element attribute]. Comparison Type [EQUALS]. Validation Type [POSITIVE].",
      "time" : {
        "start" : 1613155579874,
        "stop" : 1613155579875,
        "duration" : 1
      },
      "status" : "passed",
      "steps" : [ ],
      "attachments" : [ ],
      "parameters" : [ {
        "name" : "actionCounter",
        "value" : "7"
      }, {
        "name" : "logText",
        "value" : "AssertElementAttribute FAILED; Expected [Value Should be 'https://github.com/MohabMohie/SHAFT_ENGINE' for the 'href' attribute, element locator 'By.xpath: (//h2[text()='Web result with site links']/following::a)[1]'] and Actual [Failed to read the desired element attribute]. Comparison Type [EQUALS]. Validation Type [POSITIVE]."
      } ],
      "stepsCount" : 0,
      "attachmentsCount" : 0,
      "shouldDisplayMessage" : false,
      "hasContent" : true
    } ],
    "attachments" : [ {
      "uid" : "c6c176899bf6363e",
      "name" : "Attachment: SHAFT Engine Logs - Current Method log: runScenario",
      "source" : "c6c176899bf6363e.txt",
      "type" : "text/plain",
      "size" : 4322
    } ],
    "parameters" : [ ],
    "stepsCount" : 7,
    "attachmentsCount" : 2,
    "shouldDisplayMessage" : true,
    "hasContent" : true
  },
  "afterStages" : [ {
    "name" : "tearDownClass",
    "time" : {
      "start" : 1613155582316,
      "stop" : 1613155582408,
      "duration" : 92
    },
    "description" : "",
    "status" : "passed",
    "steps" : [ ],
    "attachments" : [ ],
    "parameters" : [ ],
    "stepsCount" : 0,
    "attachmentsCount" : 0,
    "shouldDisplayMessage" : false,
    "hasContent" : false
  }, {
    "name" : "closureActivities",
    "time" : {
      "start" : 1613155582469,
      "stop" : 1613155583467,
      "duration" : 998
    },
    "description" : "",
    "status" : "passed",
    "steps" : [ {
      "name" : "Action [16]: Successfully Closed All Browsers.",
      "time" : {
        "start" : 1613155583310,
        "stop" : 1613155583311,
        "duration" : 1
      },
      "status" : "passed",
      "steps" : [ ],
      "attachments" : [ ],
      "parameters" : [ {
        "name" : "actionCounter",
        "value" : "16"
      }, {
        "name" : "logText",
        "value" : "Successfully Closed All Browsers."
      } ],
      "stepsCount" : 0,
      "attachmentsCount" : 0,
      "shouldDisplayMessage" : false,
      "hasContent" : true
    }, {
      "name" : "Action [17]: Issue Summary: Total Issues = 1, New issues for Failed Tests = 1, Open issues for Passed Tests = 0, Open issues for Failed Tests = 0. Kindly check the attached Issue details.",
      "time" : {
        "start" : 1613155583319,
        "stop" : 1613155583320,
        "duration" : 1
      },
      "status" : "passed",
      "steps" : [ ],
      "attachments" : [ {
        "uid" : "345aa63ed353f557",
        "name" : "Attachment: SHAFT Engine Logs - Issues log CSV: 20210212-184623",
        "source" : "345aa63ed353f557.csv",
        "type" : "text/csv",
        "size" : 127
      } ],
      "parameters" : [ {
        "name" : "actionCounter",
        "value" : "17"
      }, {
        "name" : "logText",
        "value" : "Issue Summary: Total Issues = 1, New issues for Failed Tests = 1, Open issues for Passed Tests = 0, Open issues for Failed Tests = 0. Kindly check the attached Issue details."
      }, {
        "name" : "attachments",
        "value" : "[[SHAFT Engine Logs, Issues log CSV: 20210212-184623, java.io.ByteArrayInputStream@11771fd6]]"
      } ],
      "stepsCount" : 0,
      "attachmentsCount" : 1,
      "shouldDisplayMessage" : false,
      "hasContent" : true
    } ],
    "attachments" : [ {
      "uid" : "7d7bbf4a9f883c4e",
      "name" : "Attachment: Selenium WebDriver Logs - server",
      "source" : "7d7bbf4a9f883c4e.txt",
      "type" : "text/plain",
      "size" : 1300
    }, {
      "uid" : "469aeab5427fd6d4",
      "name" : "Attachment: Selenium WebDriver Logs - performance",
      "source" : "469aeab5427fd6d4.txt",
      "type" : "text/plain",
      "size" : 868127
    }, {
      "uid" : "70fc8aad5bf3b495",
      "name" : "Attachment: Selenium WebDriver Logs - driver",
      "source" : "70fc8aad5bf3b495.txt",
      "type" : "text/plain",
      "size" : 960870
    }, {
      "uid" : "437dce07b4e391af",
      "name" : "Attachment: SHAFT Engine Logs - Execution log: 20210212-184623",
      "source" : "437dce07b4e391af.txt",
      "type" : "text/plain",
      "size" : 10705
    }, {
      "uid" : "4489d63ec401a07d",
      "name" : "Attachment: HTML - Cucumber Execution Report",
      "source" : "4489d63ec401a07d.html",
      "type" : "text/html",
      "size" : 1771167
    } ],
    "parameters" : [ ],
    "stepsCount" : 2,
    "attachmentsCount" : 6,
    "shouldDisplayMessage" : false,
    "hasContent" : true
  } ],
  "labels" : [ {
    "name" : "package",
    "value" : "tests.gui.cucumberTestRunner.TestRunner"
  }, {
    "name" : "testClass",
    "value" : "tests.gui.cucumberTestRunner.TestRunner"
  }, {
    "name" : "testMethod",
    "value" : "runScenario"
  }, {
    "name" : "parentSuite",
    "value" : "SHAFT_Engine: Custom Suite"
  }, {
    "name" : "suite",
    "value" : "SHAFT_Engine: Custom Test"
  }, {
    "name" : "subSuite",
    "value" : "tests.gui.cucumberTestRunner.TestRunner"
  }, {
    "name" : "host",
    "value" : "fv-az52-705"
  }, {
    "name" : "thread",
    "value" : "5220@fv-az52-705.main(1)"
  }, {
    "name" : "framework",
    "value" : "testng"
  }, {
    "name" : "language",
    "value" : "java"
  }, {
    "name" : "resultFormat",
    "value" : "allure2"
  } ],
  "parameters" : [ {
    "name" : "arg0",
    "value" : "\"TC001 - Open Browser, Navigate to Google, Search for query, Assert Result\""
  }, {
    "name" : "arg1",
    "value" : "\"Optional[This Feature file demonstrates SHAFT_Engine's built in steps]\""
  } ],
  "links" : [ ],
  "hidden" : false,
  "retry" : false,
  "extra" : {
    "severity" : "normal",
    "retries" : [ ],
    "categories" : [ {
      "name" : "Product defects",
      "matchedStatuses" : [ ],
      "flaky" : false
    } ],
    "tags" : [ ]
  },
  "source" : "ac042a294874ba42.json",
  "parameterValues" : [ "\"TC001 - Open Browser, Navigate to Google, Search for query, Assert Result\"", "\"Optional[This Feature file demonstrates SHAFT_Engine's built in steps]\"" ]
}