{
  "uid" : "3a1555d3e74edb8c",
  "name" : "navigateToGoogleHomeAndAssertGoogleLogoIsDisplayed",
  "fullName" : "tests.gui.google.A_Search_FlatTest_NativeSeleniumWebDriver.navigateToGoogleHomeAndAssertGoogleLogoIsDisplayed",
  "historyId" : "7431e87dda04bcbb04d2d3b07ce977e2",
  "time" : {
    "start" : 1636267131251,
    "stop" : 1636267131262,
    "duration" : 11
  },
  "status" : "skipped",
  "statusMessage" : "unknown error: Chrome failed to start: crashed.\n  (unknown error: DevToolsActivePort file doesn't exist)\n  (The process started from chrome location /usr/bin/google-chrome is no longer running, so ChromeDriver is assuming that Chrome has crashed.)\nBuild info: version: '3.141.59', revision: 'e82be7d358', time: '2018-11-14T08:17:03'\nSystem info: host: 'fv-az201-990', ip: '10.1.0.96', os.name: 'Linux', os.arch: 'amd64', os.version: '5.11.0-1020-azure', java.version: '17.0.1'\nDriver info: driver.version: A_Search_FlatTest_NativeSeleniumWebDriver\nremote stacktrace: #0 0x56198a3f9f93 <unknown>\n#1 0x561989ed4908 <unknown>\n#2 0x561989ef7b32 <unknown>\n#3 0x561989ef365d <unknown>\n#4 0x561989f2d770 <unknown>\n#5 0x561989f27973 <unknown>\n#6 0x561989efddf4 <unknown>\n#7 0x561989efede5 <unknown>\n#8 0x56198a4292be <unknown>\n#9 0x56198a43eba0 <unknown>\n#10 0x56198a42a215 <unknown>\n#11 0x56198a43ffe8 <unknown>\n#12 0x56198a41e9db <unknown>\n#13 0x56198a45b218 <unknown>\n#14 0x56198a45b398 <unknown>\n#15 0x56198a4766cd <unknown>\n#16 0x7f676262d609 <unknown>\n",
  "statusTrace" : "org.openqa.selenium.WebDriverException: unknown error: Chrome failed to start: crashed.\n  (unknown error: DevToolsActivePort file doesn't exist)\n  (The process started from chrome location /usr/bin/google-chrome is no longer running, so ChromeDriver is assuming that Chrome has crashed.)\nBuild info: version: '3.141.59', revision: 'e82be7d358', time: '2018-11-14T08:17:03'\nSystem info: host: 'fv-az201-990', ip: '10.1.0.96', os.name: 'Linux', os.arch: 'amd64', os.version: '5.11.0-1020-azure', java.version: '17.0.1'\nDriver info: driver.version: A_Search_FlatTest_NativeSeleniumWebDriver\nremote stacktrace: #0 0x56198a3f9f93 <unknown>\n#1 0x561989ed4908 <unknown>\n#2 0x561989ef7b32 <unknown>\n#3 0x561989ef365d <unknown>\n#4 0x561989f2d770 <unknown>\n#5 0x561989f27973 <unknown>\n#6 0x561989efddf4 <unknown>\n#7 0x561989efede5 <unknown>\n#8 0x56198a4292be <unknown>\n#9 0x56198a43eba0 <unknown>\n#10 0x56198a42a215 <unknown>\n#11 0x56198a43ffe8 <unknown>\n#12 0x56198a41e9db <unknown>\n#13 0x56198a45b218 <unknown>\n#14 0x56198a45b398 <unknown>\n#15 0x56198a4766cd <unknown>\n#16 0x7f676262d609 <unknown>\n\n\tat java.base/jdk.internal.reflect.NativeConstructorAccessorImpl.newInstance0(Native Method)\n\tat java.base/jdk.internal.reflect.NativeConstructorAccessorImpl.newInstance(NativeConstructorAccessorImpl.java:77)\n\tat java.base/jdk.internal.reflect.DelegatingConstructorAccessorImpl.newInstance(DelegatingConstructorAccessorImpl.java:45)\n\tat java.base/java.lang.reflect.Constructor.newInstanceWithCaller(Constructor.java:499)\n\tat java.base/java.lang.reflect.Constructor.newInstance(Constructor.java:480)\n\tat org.openqa.selenium.remote.W3CHandshakeResponse.lambda$errorHandler$0(W3CHandshakeResponse.java:62)\n\tat org.openqa.selenium.remote.HandshakeResponse.lambda$getResponseFunction$0(HandshakeResponse.java:30)\n\tat org.openqa.selenium.remote.ProtocolHandshake.lambda$createSession$0(ProtocolHandshake.java:126)\n\tat java.base/java.util.stream.ReferencePipeline$3$1.accept(ReferencePipeline.java:197)\n\tat java.base/java.util.Spliterators$ArraySpliterator.tryAdvance(Spliterators.java:1002)\n\tat java.base/java.util.stream.ReferencePipeline.forEachWithCancel(ReferencePipeline.java:129)\n\tat java.base/java.util.stream.AbstractPipeline.copyIntoWithCancel(AbstractPipeline.java:527)\n\tat java.base/java.util.stream.AbstractPipeline.copyInto(AbstractPipeline.java:513)\n\tat java.base/java.util.stream.AbstractPipeline.wrapAndCopyInto(AbstractPipeline.java:499)\n\tat java.base/java.util.stream.FindOps$FindOp.evaluateSequential(FindOps.java:150)\n\tat java.base/java.util.stream.AbstractPipeline.evaluate(AbstractPipeline.java:234)\n\tat java.base/java.util.stream.ReferencePipeline.findFirst(ReferencePipeline.java:647)\n\tat org.openqa.selenium.remote.ProtocolHandshake.createSession(ProtocolHandshake.java:128)\n\tat org.openqa.selenium.remote.ProtocolHandshake.createSession(ProtocolHandshake.java:74)\n\tat org.openqa.selenium.remote.HttpCommandExecutor.execute(HttpCommandExecutor.java:136)\n\tat org.openqa.selenium.remote.service.DriverCommandExecutor.execute(DriverCommandExecutor.java:83)\n\tat org.openqa.selenium.remote.RemoteWebDriver.execute(RemoteWebDriver.java:552)\n\tat org.openqa.selenium.remote.RemoteWebDriver.startSession(RemoteWebDriver.java:213)\n\tat org.openqa.selenium.remote.RemoteWebDriver.<init>(RemoteWebDriver.java:131)\n\tat org.openqa.selenium.chrome.ChromeDriver.<init>(ChromeDriver.java:181)\n\tat org.openqa.selenium.chrome.ChromeDriver.<init>(ChromeDriver.java:168)\n\tat org.openqa.selenium.chrome.ChromeDriver.<init>(ChromeDriver.java:123)\n\tat tests.gui.google.A_Search_FlatTest_NativeSeleniumWebDriver.beforeMethod(A_Search_FlatTest_NativeSeleniumWebDriver.java:46)\n\tat java.base/jdk.internal.reflect.NativeMethodAccessorImpl.invoke0(Native Method)\n\tat java.base/jdk.internal.reflect.NativeMethodAccessorImpl.invoke(NativeMethodAccessorImpl.java:77)\n\tat java.base/jdk.internal.reflect.DelegatingMethodAccessorImpl.invoke(DelegatingMethodAccessorImpl.java:43)\n\tat java.base/java.lang.reflect.Method.invoke(Method.java:568)\n\tat org.testng.internal.MethodInvocationHelper.invokeMethod(MethodInvocationHelper.java:133)\n\tat org.testng.internal.MethodInvocationHelper.invokeMethodConsideringTimeout(MethodInvocationHelper.java:62)\n\tat org.testng.internal.ConfigInvoker.invokeConfigurationMethod(ConfigInvoker.java:385)\n\tat org.testng.internal.ConfigInvoker.invokeConfigurations(ConfigInvoker.java:321)\n\tat org.testng.internal.TestInvoker.runConfigMethods(TestInvoker.java:700)\n\tat org.testng.internal.TestInvoker.invokeMethod(TestInvoker.java:527)\n\tat org.testng.internal.TestInvoker.invokeTestMethod(TestInvoker.java:173)\n\tat org.testng.internal.MethodRunner.runInSequence(MethodRunner.java:46)\n\tat org.testng.internal.TestInvoker$MethodInvocationAgent.invoke(TestInvoker.java:824)\n\tat org.testng.internal.TestInvoker.invokeTestMethods(TestInvoker.java:146)\n\tat org.testng.internal.TestMethodWorker.invokeTestMethods(TestMethodWorker.java:146)\n\tat org.testng.internal.TestMethodWorker.run(TestMethodWorker.java:128)\n\tat java.base/java.util.ArrayList.forEach(ArrayList.java:1511)\n\tat org.testng.TestRunner.privateRun(TestRunner.java:794)\n\tat org.testng.TestRunner.run(TestRunner.java:596)\n\tat org.testng.SuiteRunner.runTest(SuiteRunner.java:377)\n\tat org.testng.SuiteRunner.runSequentially(SuiteRunner.java:371)\n\tat org.testng.SuiteRunner.privateRun(SuiteRunner.java:332)\n\tat org.testng.SuiteRunner.run(SuiteRunner.java:276)\n\tat org.testng.SuiteRunnerWorker.runSuite(SuiteRunnerWorker.java:53)\n\tat org.testng.SuiteRunnerWorker.run(SuiteRunnerWorker.java:96)\n\tat org.testng.TestNG.runSuitesSequentially(TestNG.java:1212)\n\tat org.testng.TestNG.runSuitesLocally(TestNG.java:1134)\n\tat org.testng.TestNG.runSuites(TestNG.java:1063)\n\tat org.testng.TestNG.run(TestNG.java:1031)\n\tat org.apache.maven.surefire.testng.TestNGExecutor.run(TestNGExecutor.java:136)\n\tat org.apache.maven.surefire.testng.TestNGDirectoryTestSuite.executeMulti(TestNGDirectoryTestSuite.java:193)\n\tat org.apache.maven.surefire.testng.TestNGDirectoryTestSuite.execute(TestNGDirectoryTestSuite.java:94)\n\tat org.apache.maven.surefire.testng.TestNGProvider.invoke(TestNGProvider.java:145)\n\tat org.apache.maven.surefire.booter.ForkedBooter.runSuitesInProcess(ForkedBooter.java:428)\n\tat org.apache.maven.surefire.booter.ForkedBooter.execute(ForkedBooter.java:162)\n\tat org.apache.maven.surefire.booter.ForkedBooter.run(ForkedBooter.java:562)\n\tat org.apache.maven.surefire.booter.ForkedBooter.main(ForkedBooter.java:548)\n",
  "flaky" : false,
  "newFailed" : false,
  "beforeStages" : [ {
    "name" : "beforeClass",
    "time" : {
      "start" : 1636267107218,
      "stop" : 1636267110248,
      "duration" : 3030
    },
    "description" : "",
    "status" : "passed",
    "steps" : [ ],
    "attachments" : [ ],
    "parameters" : [ ],
    "stepsCount" : 0,
    "attachmentsCount" : 0,
    "shouldDisplayMessage" : false,
    "hasContent" : false
  }, {
    "name" : "beforeMethod",
    "time" : {
      "start" : 1636267110248,
      "stop" : 1636267131238,
      "duration" : 20990
    },
    "description" : "",
    "status" : "broken",
    "statusMessage" : "unknown error: Chrome failed to start: crashed.\n  (unknown error: DevToolsActivePort file doesn't exist)\n  (The process started from chrome location /usr/bin/google-chrome is no longer running, so ChromeDriver is assuming that Chrome has crashed.)\nBuild info: version: '3.141.59', revision: 'e82be7d358', time: '2018-11-14T08:17:03'\nSystem info: host: 'fv-az201-990', ip: '10.1.0.96', os.name: 'Linux', os.arch: 'amd64', os.version: '5.11.0-1020-azure', java.version: '17.0.1'\nDriver info: driver.version: A_Search_FlatTest_NativeSeleniumWebDriver\nremote stacktrace: #0 0x56198a3f9f93 <unknown>\n#1 0x561989ed4908 <unknown>\n#2 0x561989ef7b32 <unknown>\n#3 0x561989ef365d <unknown>\n#4 0x561989f2d770 <unknown>\n#5 0x561989f27973 <unknown>\n#6 0x561989efddf4 <unknown>\n#7 0x561989efede5 <unknown>\n#8 0x56198a4292be <unknown>\n#9 0x56198a43eba0 <unknown>\n#10 0x56198a42a215 <unknown>\n#11 0x56198a43ffe8 <unknown>\n#12 0x56198a41e9db <unknown>\n#13 0x56198a45b218 <unknown>\n#14 0x56198a45b398 <unknown>\n#15 0x56198a4766cd <unknown>\n#16 0x7f676262d609 <unknown>\n",
    "statusTrace" : "org.openqa.selenium.WebDriverException: unknown error: Chrome failed to start: crashed.\n  (unknown error: DevToolsActivePort file doesn't exist)\n  (The process started from chrome location /usr/bin/google-chrome is no longer running, so ChromeDriver is assuming that Chrome has crashed.)\nBuild info: version: '3.141.59', revision: 'e82be7d358', time: '2018-11-14T08:17:03'\nSystem info: host: 'fv-az201-990', ip: '10.1.0.96', os.name: 'Linux', os.arch: 'amd64', os.version: '5.11.0-1020-azure', java.version: '17.0.1'\nDriver info: driver.version: A_Search_FlatTest_NativeSeleniumWebDriver\nremote stacktrace: #0 0x56198a3f9f93 <unknown>\n#1 0x561989ed4908 <unknown>\n#2 0x561989ef7b32 <unknown>\n#3 0x561989ef365d <unknown>\n#4 0x561989f2d770 <unknown>\n#5 0x561989f27973 <unknown>\n#6 0x561989efddf4 <unknown>\n#7 0x561989efede5 <unknown>\n#8 0x56198a4292be <unknown>\n#9 0x56198a43eba0 <unknown>\n#10 0x56198a42a215 <unknown>\n#11 0x56198a43ffe8 <unknown>\n#12 0x56198a41e9db <unknown>\n#13 0x56198a45b218 <unknown>\n#14 0x56198a45b398 <unknown>\n#15 0x56198a4766cd <unknown>\n#16 0x7f676262d609 <unknown>\n\n\tat java.base/jdk.internal.reflect.NativeConstructorAccessorImpl.newInstance0(Native Method)\n\tat java.base/jdk.internal.reflect.NativeConstructorAccessorImpl.newInstance(NativeConstructorAccessorImpl.java:77)\n\tat java.base/jdk.internal.reflect.DelegatingConstructorAccessorImpl.newInstance(DelegatingConstructorAccessorImpl.java:45)\n\tat java.base/java.lang.reflect.Constructor.newInstanceWithCaller(Constructor.java:499)\n\tat java.base/java.lang.reflect.Constructor.newInstance(Constructor.java:480)\n\tat org.openqa.selenium.remote.W3CHandshakeResponse.lambda$errorHandler$0(W3CHandshakeResponse.java:62)\n\tat org.openqa.selenium.remote.HandshakeResponse.lambda$getResponseFunction$0(HandshakeResponse.java:30)\n\tat org.openqa.selenium.remote.ProtocolHandshake.lambda$createSession$0(ProtocolHandshake.java:126)\n\tat java.base/java.util.stream.ReferencePipeline$3$1.accept(ReferencePipeline.java:197)\n\tat java.base/java.util.Spliterators$ArraySpliterator.tryAdvance(Spliterators.java:1002)\n\tat java.base/java.util.stream.ReferencePipeline.forEachWithCancel(ReferencePipeline.java:129)\n\tat java.base/java.util.stream.AbstractPipeline.copyIntoWithCancel(AbstractPipeline.java:527)\n\tat java.base/java.util.stream.AbstractPipeline.copyInto(AbstractPipeline.java:513)\n\tat java.base/java.util.stream.AbstractPipeline.wrapAndCopyInto(AbstractPipeline.java:499)\n\tat java.base/java.util.stream.FindOps$FindOp.evaluateSequential(FindOps.java:150)\n\tat java.base/java.util.stream.AbstractPipeline.evaluate(AbstractPipeline.java:234)\n\tat java.base/java.util.stream.ReferencePipeline.findFirst(ReferencePipeline.java:647)\n\tat org.openqa.selenium.remote.ProtocolHandshake.createSession(ProtocolHandshake.java:128)\n\tat org.openqa.selenium.remote.ProtocolHandshake.createSession(ProtocolHandshake.java:74)\n\tat org.openqa.selenium.remote.HttpCommandExecutor.execute(HttpCommandExecutor.java:136)\n\tat org.openqa.selenium.remote.service.DriverCommandExecutor.execute(DriverCommandExecutor.java:83)\n\tat org.openqa.selenium.remote.RemoteWebDriver.execute(RemoteWebDriver.java:552)\n\tat org.openqa.selenium.remote.RemoteWebDriver.startSession(RemoteWebDriver.java:213)\n\tat org.openqa.selenium.remote.RemoteWebDriver.<init>(RemoteWebDriver.java:131)\n\tat org.openqa.selenium.chrome.ChromeDriver.<init>(ChromeDriver.java:181)\n\tat org.openqa.selenium.chrome.ChromeDriver.<init>(ChromeDriver.java:168)\n\tat org.openqa.selenium.chrome.ChromeDriver.<init>(ChromeDriver.java:123)\n\tat tests.gui.google.A_Search_FlatTest_NativeSeleniumWebDriver.beforeMethod(A_Search_FlatTest_NativeSeleniumWebDriver.java:46)\n\tat java.base/jdk.internal.reflect.NativeMethodAccessorImpl.invoke0(Native Method)\n\tat java.base/jdk.internal.reflect.NativeMethodAccessorImpl.invoke(NativeMethodAccessorImpl.java:77)\n\tat java.base/jdk.internal.reflect.DelegatingMethodAccessorImpl.invoke(DelegatingMethodAccessorImpl.java:43)\n\tat java.base/java.lang.reflect.Method.invoke(Method.java:568)\n\tat org.testng.internal.MethodInvocationHelper.invokeMethod(MethodInvocationHelper.java:133)\n\tat org.testng.internal.MethodInvocationHelper.invokeMethodConsideringTimeout(MethodInvocationHelper.java:62)\n\tat org.testng.internal.ConfigInvoker.invokeConfigurationMethod(ConfigInvoker.java:385)\n\tat org.testng.internal.ConfigInvoker.invokeConfigurations(ConfigInvoker.java:321)\n\tat org.testng.internal.TestInvoker.runConfigMethods(TestInvoker.java:700)\n\tat org.testng.internal.TestInvoker.invokeMethod(TestInvoker.java:527)\n\tat org.testng.internal.TestInvoker.invokeTestMethod(TestInvoker.java:173)\n\tat org.testng.internal.MethodRunner.runInSequence(MethodRunner.java:46)\n\tat org.testng.internal.TestInvoker$MethodInvocationAgent.invoke(TestInvoker.java:824)\n\tat org.testng.internal.TestInvoker.invokeTestMethods(TestInvoker.java:146)\n\tat org.testng.internal.TestMethodWorker.invokeTestMethods(TestMethodWorker.java:146)\n\tat org.testng.internal.TestMethodWorker.run(TestMethodWorker.java:128)\n\tat java.base/java.util.ArrayList.forEach(ArrayList.java:1511)\n\tat org.testng.TestRunner.privateRun(TestRunner.java:794)\n\tat org.testng.TestRunner.run(TestRunner.java:596)\n\tat org.testng.SuiteRunner.runTest(SuiteRunner.java:377)\n\tat org.testng.SuiteRunner.runSequentially(SuiteRunner.java:371)\n\tat org.testng.SuiteRunner.privateRun(SuiteRunner.java:332)\n\tat org.testng.SuiteRunner.run(SuiteRunner.java:276)\n\tat org.testng.SuiteRunnerWorker.runSuite(SuiteRunnerWorker.java:53)\n\tat org.testng.SuiteRunnerWorker.run(SuiteRunnerWorker.java:96)\n\tat org.testng.TestNG.runSuitesSequentially(TestNG.java:1212)\n\tat org.testng.TestNG.runSuitesLocally(TestNG.java:1134)\n\tat org.testng.TestNG.runSuites(TestNG.java:1063)\n\tat org.testng.TestNG.run(TestNG.java:1031)\n\tat org.apache.maven.surefire.testng.TestNGExecutor.run(TestNGExecutor.java:136)\n\tat org.apache.maven.surefire.testng.TestNGDirectoryTestSuite.executeMulti(TestNGDirectoryTestSuite.java:193)\n\tat org.apache.maven.surefire.testng.TestNGDirectoryTestSuite.execute(TestNGDirectoryTestSuite.java:94)\n\tat org.apache.maven.surefire.testng.TestNGProvider.invoke(TestNGProvider.java:145)\n\tat org.apache.maven.surefire.booter.ForkedBooter.runSuitesInProcess(ForkedBooter.java:428)\n\tat org.apache.maven.surefire.booter.ForkedBooter.execute(ForkedBooter.java:162)\n\tat org.apache.maven.surefire.booter.ForkedBooter.run(ForkedBooter.java:562)\n\tat org.apache.maven.surefire.booter.ForkedBooter.main(ForkedBooter.java:548)\n",
    "steps" : [ ],
    "attachments" : [ ],
    "parameters" : [ ],
    "stepsCount" : 0,
    "attachmentsCount" : 0,
    "shouldDisplayMessage" : true,
    "hasContent" : true
  } ],
  "testStage" : {
    "status" : "skipped",
    "statusMessage" : "unknown error: Chrome failed to start: crashed.\n  (unknown error: DevToolsActivePort file doesn't exist)\n  (The process started from chrome location /usr/bin/google-chrome is no longer running, so ChromeDriver is assuming that Chrome has crashed.)\nBuild info: version: '3.141.59', revision: 'e82be7d358', time: '2018-11-14T08:17:03'\nSystem info: host: 'fv-az201-990', ip: '10.1.0.96', os.name: 'Linux', os.arch: 'amd64', os.version: '5.11.0-1020-azure', java.version: '17.0.1'\nDriver info: driver.version: A_Search_FlatTest_NativeSeleniumWebDriver\nremote stacktrace: #0 0x56198a3f9f93 <unknown>\n#1 0x561989ed4908 <unknown>\n#2 0x561989ef7b32 <unknown>\n#3 0x561989ef365d <unknown>\n#4 0x561989f2d770 <unknown>\n#5 0x561989f27973 <unknown>\n#6 0x561989efddf4 <unknown>\n#7 0x561989efede5 <unknown>\n#8 0x56198a4292be <unknown>\n#9 0x56198a43eba0 <unknown>\n#10 0x56198a42a215 <unknown>\n#11 0x56198a43ffe8 <unknown>\n#12 0x56198a41e9db <unknown>\n#13 0x56198a45b218 <unknown>\n#14 0x56198a45b398 <unknown>\n#15 0x56198a4766cd <unknown>\n#16 0x7f676262d609 <unknown>\n",
    "statusTrace" : "org.openqa.selenium.WebDriverException: unknown error: Chrome failed to start: crashed.\n  (unknown error: DevToolsActivePort file doesn't exist)\n  (The process started from chrome location /usr/bin/google-chrome is no longer running, so ChromeDriver is assuming that Chrome has crashed.)\nBuild info: version: '3.141.59', revision: 'e82be7d358', time: '2018-11-14T08:17:03'\nSystem info: host: 'fv-az201-990', ip: '10.1.0.96', os.name: 'Linux', os.arch: 'amd64', os.version: '5.11.0-1020-azure', java.version: '17.0.1'\nDriver info: driver.version: A_Search_FlatTest_NativeSeleniumWebDriver\nremote stacktrace: #0 0x56198a3f9f93 <unknown>\n#1 0x561989ed4908 <unknown>\n#2 0x561989ef7b32 <unknown>\n#3 0x561989ef365d <unknown>\n#4 0x561989f2d770 <unknown>\n#5 0x561989f27973 <unknown>\n#6 0x561989efddf4 <unknown>\n#7 0x561989efede5 <unknown>\n#8 0x56198a4292be <unknown>\n#9 0x56198a43eba0 <unknown>\n#10 0x56198a42a215 <unknown>\n#11 0x56198a43ffe8 <unknown>\n#12 0x56198a41e9db <unknown>\n#13 0x56198a45b218 <unknown>\n#14 0x56198a45b398 <unknown>\n#15 0x56198a4766cd <unknown>\n#16 0x7f676262d609 <unknown>\n\n\tat java.base/jdk.internal.reflect.NativeConstructorAccessorImpl.newInstance0(Native Method)\n\tat java.base/jdk.internal.reflect.NativeConstructorAccessorImpl.newInstance(NativeConstructorAccessorImpl.java:77)\n\tat java.base/jdk.internal.reflect.DelegatingConstructorAccessorImpl.newInstance(DelegatingConstructorAccessorImpl.java:45)\n\tat java.base/java.lang.reflect.Constructor.newInstanceWithCaller(Constructor.java:499)\n\tat java.base/java.lang.reflect.Constructor.newInstance(Constructor.java:480)\n\tat org.openqa.selenium.remote.W3CHandshakeResponse.lambda$errorHandler$0(W3CHandshakeResponse.java:62)\n\tat org.openqa.selenium.remote.HandshakeResponse.lambda$getResponseFunction$0(HandshakeResponse.java:30)\n\tat org.openqa.selenium.remote.ProtocolHandshake.lambda$createSession$0(ProtocolHandshake.java:126)\n\tat java.base/java.util.stream.ReferencePipeline$3$1.accept(ReferencePipeline.java:197)\n\tat java.base/java.util.Spliterators$ArraySpliterator.tryAdvance(Spliterators.java:1002)\n\tat java.base/java.util.stream.ReferencePipeline.forEachWithCancel(ReferencePipeline.java:129)\n\tat java.base/java.util.stream.AbstractPipeline.copyIntoWithCancel(AbstractPipeline.java:527)\n\tat java.base/java.util.stream.AbstractPipeline.copyInto(AbstractPipeline.java:513)\n\tat java.base/java.util.stream.AbstractPipeline.wrapAndCopyInto(AbstractPipeline.java:499)\n\tat java.base/java.util.stream.FindOps$FindOp.evaluateSequential(FindOps.java:150)\n\tat java.base/java.util.stream.AbstractPipeline.evaluate(AbstractPipeline.java:234)\n\tat java.base/java.util.stream.ReferencePipeline.findFirst(ReferencePipeline.java:647)\n\tat org.openqa.selenium.remote.ProtocolHandshake.createSession(ProtocolHandshake.java:128)\n\tat org.openqa.selenium.remote.ProtocolHandshake.createSession(ProtocolHandshake.java:74)\n\tat org.openqa.selenium.remote.HttpCommandExecutor.execute(HttpCommandExecutor.java:136)\n\tat org.openqa.selenium.remote.service.DriverCommandExecutor.execute(DriverCommandExecutor.java:83)\n\tat org.openqa.selenium.remote.RemoteWebDriver.execute(RemoteWebDriver.java:552)\n\tat org.openqa.selenium.remote.RemoteWebDriver.startSession(RemoteWebDriver.java:213)\n\tat org.openqa.selenium.remote.RemoteWebDriver.<init>(RemoteWebDriver.java:131)\n\tat org.openqa.selenium.chrome.ChromeDriver.<init>(ChromeDriver.java:181)\n\tat org.openqa.selenium.chrome.ChromeDriver.<init>(ChromeDriver.java:168)\n\tat org.openqa.selenium.chrome.ChromeDriver.<init>(ChromeDriver.java:123)\n\tat tests.gui.google.A_Search_FlatTest_NativeSeleniumWebDriver.beforeMethod(A_Search_FlatTest_NativeSeleniumWebDriver.java:46)\n\tat java.base/jdk.internal.reflect.NativeMethodAccessorImpl.invoke0(Native Method)\n\tat java.base/jdk.internal.reflect.NativeMethodAccessorImpl.invoke(NativeMethodAccessorImpl.java:77)\n\tat java.base/jdk.internal.reflect.DelegatingMethodAccessorImpl.invoke(DelegatingMethodAccessorImpl.java:43)\n\tat java.base/java.lang.reflect.Method.invoke(Method.java:568)\n\tat org.testng.internal.MethodInvocationHelper.invokeMethod(MethodInvocationHelper.java:133)\n\tat org.testng.internal.MethodInvocationHelper.invokeMethodConsideringTimeout(MethodInvocationHelper.java:62)\n\tat org.testng.internal.ConfigInvoker.invokeConfigurationMethod(ConfigInvoker.java:385)\n\tat org.testng.internal.ConfigInvoker.invokeConfigurations(ConfigInvoker.java:321)\n\tat org.testng.internal.TestInvoker.runConfigMethods(TestInvoker.java:700)\n\tat org.testng.internal.TestInvoker.invokeMethod(TestInvoker.java:527)\n\tat org.testng.internal.TestInvoker.invokeTestMethod(TestInvoker.java:173)\n\tat org.testng.internal.MethodRunner.runInSequence(MethodRunner.java:46)\n\tat org.testng.internal.TestInvoker$MethodInvocationAgent.invoke(TestInvoker.java:824)\n\tat org.testng.internal.TestInvoker.invokeTestMethods(TestInvoker.java:146)\n\tat org.testng.internal.TestMethodWorker.invokeTestMethods(TestMethodWorker.java:146)\n\tat org.testng.internal.TestMethodWorker.run(TestMethodWorker.java:128)\n\tat java.base/java.util.ArrayList.forEach(ArrayList.java:1511)\n\tat org.testng.TestRunner.privateRun(TestRunner.java:794)\n\tat org.testng.TestRunner.run(TestRunner.java:596)\n\tat org.testng.SuiteRunner.runTest(SuiteRunner.java:377)\n\tat org.testng.SuiteRunner.runSequentially(SuiteRunner.java:371)\n\tat org.testng.SuiteRunner.privateRun(SuiteRunner.java:332)\n\tat org.testng.SuiteRunner.run(SuiteRunner.java:276)\n\tat org.testng.SuiteRunnerWorker.runSuite(SuiteRunnerWorker.java:53)\n\tat org.testng.SuiteRunnerWorker.run(SuiteRunnerWorker.java:96)\n\tat org.testng.TestNG.runSuitesSequentially(TestNG.java:1212)\n\tat org.testng.TestNG.runSuitesLocally(TestNG.java:1134)\n\tat org.testng.TestNG.runSuites(TestNG.java:1063)\n\tat org.testng.TestNG.run(TestNG.java:1031)\n\tat org.apache.maven.surefire.testng.TestNGExecutor.run(TestNGExecutor.java:136)\n\tat org.apache.maven.surefire.testng.TestNGDirectoryTestSuite.executeMulti(TestNGDirectoryTestSuite.java:193)\n\tat org.apache.maven.surefire.testng.TestNGDirectoryTestSuite.execute(TestNGDirectoryTestSuite.java:94)\n\tat org.apache.maven.surefire.testng.TestNGProvider.invoke(TestNGProvider.java:145)\n\tat org.apache.maven.surefire.booter.ForkedBooter.runSuitesInProcess(ForkedBooter.java:428)\n\tat org.apache.maven.surefire.booter.ForkedBooter.execute(ForkedBooter.java:162)\n\tat org.apache.maven.surefire.booter.ForkedBooter.run(ForkedBooter.java:562)\n\tat org.apache.maven.surefire.booter.ForkedBooter.main(ForkedBooter.java:548)\n",
    "steps" : [ ],
    "attachments" : [ {
      "uid" : "914ba768b62741c5",
      "name" : "Attachment: SHAFT Engine Logs - Current Method log: navigateToGoogleHomeAndAssertGoogleLogoIsDisplayed",
      "source" : "914ba768b62741c5.txt",
      "type" : "text/plain",
      "size" : 482
    } ],
    "parameters" : [ ],
    "stepsCount" : 0,
    "attachmentsCount" : 1,
    "shouldDisplayMessage" : true,
    "hasContent" : true
  },
  "afterStages" : [ {
    "name" : "afterMethod",
    "time" : {
      "start" : 1636267131267,
      "stop" : 1636267131267,
      "duration" : 0
    },
    "description" : "",
    "status" : "broken",
    "steps" : [ ],
    "attachments" : [ ],
    "parameters" : [ ],
    "stepsCount" : 0,
    "attachmentsCount" : 0,
    "shouldDisplayMessage" : false,
    "hasContent" : false
  }, {
    "name" : "closureActivities",
    "time" : {
      "start" : 1636267157358,
      "stop" : 1636267157713,
      "duration" : 355
    },
    "description" : "",
    "status" : "passed",
    "steps" : [ {
      "name" : "Successfully Closed All Drivers.",
      "time" : {
        "start" : 1636267157359,
        "stop" : 1636267157362,
        "duration" : 3
      },
      "status" : "passed",
      "steps" : [ ],
      "attachments" : [ ],
      "parameters" : [ {
        "name" : "actionCounter",
        "value" : "120"
      }, {
        "name" : "logText",
        "value" : "Successfully Closed All Drivers."
      } ],
      "stepsCount" : 0,
      "attachmentsCount" : 0,
      "shouldDisplayMessage" : false,
      "hasContent" : true
    }, {
      "name" : "Issue Summary: Total Issues = 6, New issues for Failed Tests = 6, Open issues for Passed Tests = 0, Open issues for Failed Tests = 0. Kindly check the attached Issue details.",
      "time" : {
        "start" : 1636267157383,
        "stop" : 1636267157383,
        "duration" : 0
      },
      "status" : "passed",
      "steps" : [ ],
      "attachments" : [ {
        "uid" : "434ab34d23f5ef36",
        "name" : "Attachment: SHAFT Engine Logs - Issues log CSV: 20211107-063917",
        "source" : "434ab34d23f5ef36.csv",
        "type" : "text/csv",
        "size" : 1075
      } ],
      "parameters" : [ {
        "name" : "actionCounter",
        "value" : "121"
      }, {
        "name" : "logText",
        "value" : "Issue Summary: Total Issues = 6, New issues for Failed Tests = 6, Open issues for Passed Tests = 0, Open issues for Failed Tests = 0. Kindly check the attached Issue details."
      }, {
        "name" : "attachments",
        "value" : "[[SHAFT Engine Logs, Issues log CSV: 20211107-063917, java.io.ByteArrayInputStream@7a668497]]"
      } ],
      "stepsCount" : 0,
      "attachmentsCount" : 1,
      "shouldDisplayMessage" : false,
      "hasContent" : true
    } ],
    "attachments" : [ {
      "uid" : "186a5009dd911bce",
      "name" : "Attachment: SHAFT Engine Logs - Execution log: 20211107-063917",
      "source" : "186a5009dd911bce.txt",
      "type" : "text/plain",
      "size" : 55899
    }, {
      "uid" : "b989b6d38ab662e7",
      "name" : "Attachment: HTML - Extent Emailable Execution Report",
      "source" : "b989b6d38ab662e7.html",
      "type" : "text/html",
      "size" : 1517034
    } ],
    "parameters" : [ ],
    "stepsCount" : 2,
    "attachmentsCount" : 3,
    "shouldDisplayMessage" : false,
    "hasContent" : true
  } ],
  "labels" : [ {
    "name" : "package",
    "value" : "tests.gui.google.A_Search_FlatTest_NativeSeleniumWebDriver"
  }, {
    "name" : "testClass",
    "value" : "tests.gui.google.A_Search_FlatTest_NativeSeleniumWebDriver"
  }, {
    "name" : "testMethod",
    "value" : "navigateToGoogleHomeAndAssertGoogleLogoIsDisplayed"
  }, {
    "name" : "parentSuite",
    "value" : "SHAFT: Custom Suite"
  }, {
    "name" : "suite",
    "value" : "SHAFT: Custom Test"
  }, {
    "name" : "subSuite",
    "value" : "tests.gui.google.A_Search_FlatTest_NativeSeleniumWebDriver"
  }, {
    "name" : "host",
    "value" : "fv-az201-990"
  }, {
    "name" : "thread",
    "value" : "4682@fv-az201-990.main(1)"
  }, {
    "name" : "framework",
    "value" : "testng"
  }, {
    "name" : "language",
    "value" : "java"
  }, {
    "name" : "resultFormat",
    "value" : "allure2"
  } ],
  "parameters" : [ ],
  "links" : [ ],
  "hidden" : false,
  "retry" : false,
  "extra" : {
    "severity" : "normal",
    "retries" : [ ],
    "categories" : [ ],
    "history" : {
      "statistic" : {
        "failed" : 0,
        "broken" : 0,
        "skipped" : 703,
        "passed" : 0,
        "unknown" : 0,
        "total" : 703
      },
      "items" : [ {
        "uid" : "174cb9d89f144e45",
        "reportUrl" : "https://MohabMohie.github.io/using_SHAFT_ENGINE/allure/1128//#testresult/174cb9d89f144e45",
        "status" : "skipped",
        "statusDetails" : "unknown error: Chrome failed to start: crashed.\n  (unknown error: DevToolsActivePort file doesn't exist)\n  (The process started from chrome location /usr/bin/google-chrome is no longer running, so ChromeDriver is assuming that Chrome has crashed.)\nBuild info: version: '3.141.59', revision: 'e82be7d358', time: '2018-11-14T08:17:03'\nSystem info: host: 'fv-az154-755', ip: '10.1.0.43', os.name: 'Linux', os.arch: 'amd64', os.version: '5.11.0-1020-azure', java.version: '17.0.1'\nDriver info: driver.version: A_Search_FlatTest_NativeSeleniumWebDriver\nremote stacktrace: #0 0x556c4d016f93 <unknown>\n#1 0x556c4caf1908 <unknown>\n#2 0x556c4cb14b32 <unknown>\n#3 0x556c4cb1065d <unknown>\n#4 0x556c4cb4a770 <unknown>\n#5 0x556c4cb44973 <unknown>\n#6 0x556c4cb1adf4 <unknown>\n#7 0x556c4cb1bde5 <unknown>\n#8 0x556c4d0462be <unknown>\n#9 0x556c4d05bba0 <unknown>\n#10 0x556c4d047215 <unknown>\n#11 0x556c4d05cfe8 <unknown>\n#12 0x556c4d03b9db <unknown>\n#13 0x556c4d078218 <unknown>\n#14 0x556c4d078398 <unknown>\n#15 0x556c4d0936cd <unknown>\n#16 0x7fc260410609 <unknown>\n",
        "time" : {
          "start" : 1636248802417,
          "stop" : 1636248802419,
          "duration" : 2
        }
      }, {
        "uid" : "1f5ad8ccd9b3eabb",
        "reportUrl" : "https://MohabMohie.github.io/using_SHAFT_ENGINE/allure/1127//#testresult/1f5ad8ccd9b3eabb",
        "status" : "skipped",
        "statusDetails" : "unknown error: Chrome failed to start: crashed.\n  (unknown error: DevToolsActivePort file doesn't exist)\n  (The process started from chrome location /usr/bin/google-chrome is no longer running, so ChromeDriver is assuming that Chrome has crashed.)\nBuild info: version: '3.141.59', revision: 'e82be7d358', time: '2018-11-14T08:17:03'\nSystem info: host: 'fv-az219-255', ip: '10.1.0.47', os.name: 'Linux', os.arch: 'amd64', os.version: '5.11.0-1020-azure', java.version: '17.0.1'\nDriver info: driver.version: A_Search_FlatTest_NativeSeleniumWebDriver\nremote stacktrace: #0 0x5655231b4f93 <unknown>\n#1 0x565522c8f908 <unknown>\n#2 0x565522cb2b32 <unknown>\n#3 0x565522cae65d <unknown>\n#4 0x565522ce8770 <unknown>\n#5 0x565522ce2973 <unknown>\n#6 0x565522cb8df4 <unknown>\n#7 0x565522cb9de5 <unknown>\n#8 0x5655231e42be <unknown>\n#9 0x5655231f9ba0 <unknown>\n#10 0x5655231e5215 <unknown>\n#11 0x5655231fafe8 <unknown>\n#12 0x5655231d99db <unknown>\n#13 0x565523216218 <unknown>\n#14 0x565523216398 <unknown>\n#15 0x5655232316cd <unknown>\n#16 0x7fa2f3589609 <unknown>\n",
        "time" : {
          "start" : 1636223830353,
          "stop" : 1636223830362,
          "duration" : 9
        }
      }, {
        "uid" : "98c24f4129778f5e",
        "reportUrl" : "https://MohabMohie.github.io/using_SHAFT_ENGINE/allure/1126//#testresult/98c24f4129778f5e",
        "status" : "skipped",
        "statusDetails" : "unknown error: Chrome failed to start: crashed.\n  (unknown error: DevToolsActivePort file doesn't exist)\n  (The process started from chrome location /usr/bin/google-chrome is no longer running, so ChromeDriver is assuming that Chrome has crashed.)\nBuild info: version: '3.141.59', revision: 'e82be7d358', time: '2018-11-14T08:17:03'\nSystem info: host: 'fv-az198-827', ip: '10.1.1.125', os.name: 'Linux', os.arch: 'amd64', os.version: '5.11.0-1020-azure', java.version: '17.0.1'\nDriver info: driver.version: A_Search_FlatTest_NativeSeleniumWebDriver\nremote stacktrace: #0 0x563c1f7c9f93 <unknown>\n#1 0x563c1f2a4908 <unknown>\n#2 0x563c1f2c7b32 <unknown>\n#3 0x563c1f2c365d <unknown>\n#4 0x563c1f2fd770 <unknown>\n#5 0x563c1f2f7973 <unknown>\n#6 0x563c1f2cddf4 <unknown>\n#7 0x563c1f2cede5 <unknown>\n#8 0x563c1f7f92be <unknown>\n#9 0x563c1f80eba0 <unknown>\n#10 0x563c1f7fa215 <unknown>\n#11 0x563c1f80ffe8 <unknown>\n#12 0x563c1f7ee9db <unknown>\n#13 0x563c1f82b218 <unknown>\n#14 0x563c1f82b398 <unknown>\n#15 0x563c1f8466cd <unknown>\n#16 0x7f5216d0b609 <unknown>\n",
        "time" : {
          "start" : 1636202888053,
          "stop" : 1636202888055,
          "duration" : 2
        }
      }, {
        "uid" : "6af563a52bdb04d8",
        "reportUrl" : "https://MohabMohie.github.io/using_SHAFT_ENGINE/allure/1125//#testresult/6af563a52bdb04d8",
        "status" : "skipped",
        "statusDetails" : "unknown error: Chrome failed to start: crashed.\n  (unknown error: DevToolsActivePort file doesn't exist)\n  (The process started from chrome location /usr/bin/google-chrome is no longer running, so ChromeDriver is assuming that Chrome has crashed.)\nBuild info: version: '3.141.59', revision: 'e82be7d358', time: '2018-11-14T08:17:03'\nSystem info: host: 'fv-az154-755', ip: '10.1.0.164', os.name: 'Linux', os.arch: 'amd64', os.version: '5.11.0-1020-azure', java.version: '17.0.1'\nDriver info: driver.version: A_Search_FlatTest_NativeSeleniumWebDriver\nremote stacktrace: #0 0x55fa32ed3f93 <unknown>\n#1 0x55fa329ae908 <unknown>\n#2 0x55fa329d1b32 <unknown>\n#3 0x55fa329cd65d <unknown>\n#4 0x55fa32a07770 <unknown>\n#5 0x55fa32a01973 <unknown>\n#6 0x55fa329d7df4 <unknown>\n#7 0x55fa329d8de5 <unknown>\n#8 0x55fa32f032be <unknown>\n#9 0x55fa32f18ba0 <unknown>\n#10 0x55fa32f04215 <unknown>\n#11 0x55fa32f19fe8 <unknown>\n#12 0x55fa32ef89db <unknown>\n#13 0x55fa32f35218 <unknown>\n#14 0x55fa32f35398 <unknown>\n#15 0x55fa32f506cd <unknown>\n#16 0x7f0f7e507609 <unknown>\n",
        "time" : {
          "start" : 1636180705445,
          "stop" : 1636180705463,
          "duration" : 18
        }
      }, {
        "uid" : "ceeb26745bf8ad37",
        "reportUrl" : "https://MohabMohie.github.io/using_SHAFT_ENGINE/allure/1124//#testresult/ceeb26745bf8ad37",
        "status" : "skipped",
        "statusDetails" : "unknown error: Chrome failed to start: crashed.\n  (unknown error: DevToolsActivePort file doesn't exist)\n  (The process started from chrome location /usr/bin/google-chrome is no longer running, so ChromeDriver is assuming that Chrome has crashed.)\nBuild info: version: '3.141.59', revision: 'e82be7d358', time: '2018-11-14T08:17:03'\nSystem info: host: 'fv-az219-255', ip: '10.1.0.81', os.name: 'Linux', os.arch: 'amd64', os.version: '5.11.0-1020-azure', java.version: '17.0.1'\nDriver info: driver.version: A_Search_FlatTest_NativeSeleniumWebDriver\nremote stacktrace: #0 0x55889a248f93 <unknown>\n#1 0x558899d23908 <unknown>\n#2 0x558899d46b32 <unknown>\n#3 0x558899d4265d <unknown>\n#4 0x558899d7c770 <unknown>\n#5 0x558899d76973 <unknown>\n#6 0x558899d4cdf4 <unknown>\n#7 0x558899d4dde5 <unknown>\n#8 0x55889a2782be <unknown>\n#9 0x55889a28dba0 <unknown>\n#10 0x55889a279215 <unknown>\n#11 0x55889a28efe8 <unknown>\n#12 0x55889a26d9db <unknown>\n#13 0x55889a2aa218 <unknown>\n#14 0x55889a2aa398 <unknown>\n#15 0x55889a2c56cd <unknown>\n#16 0x7fef8482c609 <unknown>\n",
        "time" : {
          "start" : 1636162010637,
          "stop" : 1636162010645,
          "duration" : 8
        }
      }, {
        "uid" : "59966e78b10be25a",
        "reportUrl" : "https://MohabMohie.github.io/using_SHAFT_ENGINE/allure/1123//#testresult/59966e78b10be25a",
        "status" : "skipped",
        "statusDetails" : "unknown error: Chrome failed to start: crashed.\n  (unknown error: DevToolsActivePort file doesn't exist)\n  (The process started from chrome location /usr/bin/google-chrome is no longer running, so ChromeDriver is assuming that Chrome has crashed.)\nBuild info: version: '3.141.59', revision: 'e82be7d358', time: '2018-11-14T08:17:03'\nSystem info: host: 'fv-az292-599', ip: '10.1.1.111', os.name: 'Linux', os.arch: 'amd64', os.version: '5.11.0-1020-azure', java.version: '17.0.1'\nDriver info: driver.version: A_Search_FlatTest_NativeSeleniumWebDriver\nremote stacktrace: #0 0x5583d6053f93 <unknown>\n#1 0x5583d5b2e908 <unknown>\n#2 0x5583d5b51b32 <unknown>\n#3 0x5583d5b4d65d <unknown>\n#4 0x5583d5b87770 <unknown>\n#5 0x5583d5b81973 <unknown>\n#6 0x5583d5b57df4 <unknown>\n#7 0x5583d5b58de5 <unknown>\n#8 0x5583d60832be <unknown>\n#9 0x5583d6098ba0 <unknown>\n#10 0x5583d6084215 <unknown>\n#11 0x5583d6099fe8 <unknown>\n#12 0x5583d60789db <unknown>\n#13 0x5583d60b5218 <unknown>\n#14 0x5583d60b5398 <unknown>\n#15 0x5583d60d06cd <unknown>\n#16 0x7fe5370c2609 <unknown>\n",
        "time" : {
          "start" : 1636137540150,
          "stop" : 1636137540160,
          "duration" : 10
        }
      }, {
        "uid" : "915ef4022c77f64d",
        "reportUrl" : "https://MohabMohie.github.io/using_SHAFT_ENGINE/allure/1122//#testresult/915ef4022c77f64d",
        "status" : "skipped",
        "statusDetails" : "unknown error: Chrome failed to start: crashed.\n  (unknown error: DevToolsActivePort file doesn't exist)\n  (The process started from chrome location /usr/bin/google-chrome is no longer running, so ChromeDriver is assuming that Chrome has crashed.)\nBuild info: version: '3.141.59', revision: 'e82be7d358', time: '2018-11-14T08:17:03'\nSystem info: host: 'fv-az154-755', ip: '10.1.0.75', os.name: 'Linux', os.arch: 'amd64', os.version: '5.11.0-1020-azure', java.version: '17.0.1'\nDriver info: driver.version: A_Search_FlatTest_NativeSeleniumWebDriver\nremote stacktrace: #0 0x55a159cdaf93 <unknown>\n#1 0x55a1597b5908 <unknown>\n#2 0x55a1597d8b32 <unknown>\n#3 0x55a1597d465d <unknown>\n#4 0x55a15980e770 <unknown>\n#5 0x55a159808973 <unknown>\n#6 0x55a1597dedf4 <unknown>\n#7 0x55a1597dfde5 <unknown>\n#8 0x55a159d0a2be <unknown>\n#9 0x55a159d1fba0 <unknown>\n#10 0x55a159d0b215 <unknown>\n#11 0x55a159d20fe8 <unknown>\n#12 0x55a159cff9db <unknown>\n#13 0x55a159d3c218 <unknown>\n#14 0x55a159d3c398 <unknown>\n#15 0x55a159d576cd <unknown>\n#16 0x7f6c4d289609 <unknown>\n",
        "time" : {
          "start" : 1636116578926,
          "stop" : 1636116578928,
          "duration" : 2
        }
      }, {
        "uid" : "d73727323d562923",
        "reportUrl" : "https://MohabMohie.github.io/using_SHAFT_ENGINE/allure/1121//#testresult/d73727323d562923",
        "status" : "skipped",
        "statusDetails" : "unknown error: Chrome failed to start: crashed.\n  (unknown error: DevToolsActivePort file doesn't exist)\n  (The process started from chrome location /usr/bin/google-chrome is no longer running, so ChromeDriver is assuming that Chrome has crashed.)\nBuild info: version: '3.141.59', revision: 'e82be7d358', time: '2018-11-14T08:17:03'\nSystem info: host: 'fv-az201-990', ip: '10.1.0.123', os.name: 'Linux', os.arch: 'amd64', os.version: '5.11.0-1020-azure', java.version: '17.0.1'\nDriver info: driver.version: A_Search_FlatTest_NativeSeleniumWebDriver\nremote stacktrace: #0 0x55ed6ddb4f93 <unknown>\n#1 0x55ed6d88f908 <unknown>\n#2 0x55ed6d8b2b32 <unknown>\n#3 0x55ed6d8ae65d <unknown>\n#4 0x55ed6d8e8770 <unknown>\n#5 0x55ed6d8e2973 <unknown>\n#6 0x55ed6d8b8df4 <unknown>\n#7 0x55ed6d8b9de5 <unknown>\n#8 0x55ed6dde42be <unknown>\n#9 0x55ed6ddf9ba0 <unknown>\n#10 0x55ed6dde5215 <unknown>\n#11 0x55ed6ddfafe8 <unknown>\n#12 0x55ed6ddd99db <unknown>\n#13 0x55ed6de16218 <unknown>\n#14 0x55ed6de16398 <unknown>\n#15 0x55ed6de316cd <unknown>\n#16 0x7fbb9fdbd609 <unknown>\n",
        "time" : {
          "start" : 1636094362977,
          "stop" : 1636094362978,
          "duration" : 1
        }
      }, {
        "uid" : "ea8ec762f447a5e4",
        "reportUrl" : "https://MohabMohie.github.io/using_SHAFT_ENGINE/allure/1120//#testresult/ea8ec762f447a5e4",
        "status" : "skipped",
        "statusDetails" : "unknown error: Chrome failed to start: crashed.\n  (unknown error: DevToolsActivePort file doesn't exist)\n  (The process started from chrome location /usr/bin/google-chrome is no longer running, so ChromeDriver is assuming that Chrome has crashed.)\nBuild info: version: '3.141.59', revision: 'e82be7d358', time: '2018-11-14T08:17:03'\nSystem info: host: 'fv-az219-255', ip: '10.1.1.28', os.name: 'Linux', os.arch: 'amd64', os.version: '5.11.0-1020-azure', java.version: '17.0.1'\nDriver info: driver.version: A_Search_FlatTest_NativeSeleniumWebDriver\nremote stacktrace: #0 0x55a6fae62f93 <unknown>\n#1 0x55a6fa93d908 <unknown>\n#2 0x55a6fa960b32 <unknown>\n#3 0x55a6fa95c65d <unknown>\n#4 0x55a6fa996770 <unknown>\n#5 0x55a6fa990973 <unknown>\n#6 0x55a6fa966df4 <unknown>\n#7 0x55a6fa967de5 <unknown>\n#8 0x55a6fae922be <unknown>\n#9 0x55a6faea7ba0 <unknown>\n#10 0x55a6fae93215 <unknown>\n#11 0x55a6faea8fe8 <unknown>\n#12 0x55a6fae879db <unknown>\n#13 0x55a6faec4218 <unknown>\n#14 0x55a6faec4398 <unknown>\n#15 0x55a6faedf6cd <unknown>\n#16 0x7f434d291609 <unknown>\n",
        "time" : {
          "start" : 1636075914113,
          "stop" : 1636075914117,
          "duration" : 4
        }
      }, {
        "uid" : "16d579a79afcea63",
        "reportUrl" : "https://MohabMohie.github.io/using_SHAFT_ENGINE/allure/1119//#testresult/16d579a79afcea63",
        "status" : "skipped",
        "statusDetails" : "unknown error: Chrome failed to start: crashed.\n  (unknown error: DevToolsActivePort file doesn't exist)\n  (The process started from chrome location /usr/bin/google-chrome is no longer running, so ChromeDriver is assuming that Chrome has crashed.)\nBuild info: version: '3.141.59', revision: 'e82be7d358', time: '2018-11-14T08:17:03'\nSystem info: host: 'fv-az201-990', ip: '10.1.0.67', os.name: 'Linux', os.arch: 'amd64', os.version: '5.11.0-1020-azure', java.version: '17.0.1'\nDriver info: driver.version: A_Search_FlatTest_NativeSeleniumWebDriver\nremote stacktrace: #0 0x55d84ba5ff93 <unknown>\n#1 0x55d84b53a908 <unknown>\n#2 0x55d84b55db32 <unknown>\n#3 0x55d84b55965d <unknown>\n#4 0x55d84b593770 <unknown>\n#5 0x55d84b58d973 <unknown>\n#6 0x55d84b563df4 <unknown>\n#7 0x55d84b564de5 <unknown>\n#8 0x55d84ba8f2be <unknown>\n#9 0x55d84baa4ba0 <unknown>\n#10 0x55d84ba90215 <unknown>\n#11 0x55d84baa5fe8 <unknown>\n#12 0x55d84ba849db <unknown>\n#13 0x55d84bac1218 <unknown>\n#14 0x55d84bac1398 <unknown>\n#15 0x55d84badc6cd <unknown>\n#16 0x7f948310d609 <unknown>\n",
        "time" : {
          "start" : 1636051169804,
          "stop" : 1636051169810,
          "duration" : 6
        }
      }, {
        "uid" : "6af083a3213f66e0",
        "reportUrl" : "https://MohabMohie.github.io/using_SHAFT_ENGINE/allure/1118//#testresult/6af083a3213f66e0",
        "status" : "skipped",
        "statusDetails" : "unknown error: Chrome failed to start: crashed.\n  (unknown error: DevToolsActivePort file doesn't exist)\n  (The process started from chrome location /usr/bin/google-chrome is no longer running, so ChromeDriver is assuming that Chrome has crashed.)\nBuild info: version: '3.141.59', revision: 'e82be7d358', time: '2018-11-14T08:17:03'\nSystem info: host: 'fv-az201-990', ip: '10.1.1.146', os.name: 'Linux', os.arch: 'amd64', os.version: '5.11.0-1020-azure', java.version: '17.0.1'\nDriver info: driver.version: A_Search_FlatTest_NativeSeleniumWebDriver\nremote stacktrace: #0 0x556d6ae24f93 <unknown>\n#1 0x556d6a8ff908 <unknown>\n#2 0x556d6a922b32 <unknown>\n#3 0x556d6a91e65d <unknown>\n#4 0x556d6a958770 <unknown>\n#5 0x556d6a952973 <unknown>\n#6 0x556d6a928df4 <unknown>\n#7 0x556d6a929de5 <unknown>\n#8 0x556d6ae542be <unknown>\n#9 0x556d6ae69ba0 <unknown>\n#10 0x556d6ae55215 <unknown>\n#11 0x556d6ae6afe8 <unknown>\n#12 0x556d6ae499db <unknown>\n#13 0x556d6ae86218 <unknown>\n#14 0x556d6ae86398 <unknown>\n#15 0x556d6aea16cd <unknown>\n#16 0x7f598863a609 <unknown>\n",
        "time" : {
          "start" : 1636030267629,
          "stop" : 1636030267645,
          "duration" : 16
        }
      }, {
        "uid" : "8456de395b57580f",
        "reportUrl" : "https://MohabMohie.github.io/using_SHAFT_ENGINE/allure/1117//#testresult/8456de395b57580f",
        "status" : "skipped",
        "statusDetails" : "unknown error: Chrome failed to start: crashed.\n  (unknown error: DevToolsActivePort file doesn't exist)\n  (The process started from chrome location /usr/bin/google-chrome is no longer running, so ChromeDriver is assuming that Chrome has crashed.)\nBuild info: version: '3.141.59', revision: 'e82be7d358', time: '2018-11-14T08:17:03'\nSystem info: host: 'fv-az290-301', ip: '10.1.0.190', os.name: 'Linux', os.arch: 'amd64', os.version: '5.11.0-1020-azure', java.version: '17.0.1'\nDriver info: driver.version: A_Search_FlatTest_NativeSeleniumWebDriver\nremote stacktrace: #0 0x5594d74abf93 <unknown>\n#1 0x5594d6f86908 <unknown>\n#2 0x5594d6fa9b32 <unknown>\n#3 0x5594d6fa565d <unknown>\n#4 0x5594d6fdf770 <unknown>\n#5 0x5594d6fd9973 <unknown>\n#6 0x5594d6fafdf4 <unknown>\n#7 0x5594d6fb0de5 <unknown>\n#8 0x5594d74db2be <unknown>\n#9 0x5594d74f0ba0 <unknown>\n#10 0x5594d74dc215 <unknown>\n#11 0x5594d74f1fe8 <unknown>\n#12 0x5594d74d09db <unknown>\n#13 0x5594d750d218 <unknown>\n#14 0x5594d750d398 <unknown>\n#15 0x5594d75286cd <unknown>\n#16 0x7fd3b86d1609 <unknown>\n",
        "time" : {
          "start" : 1636007976893,
          "stop" : 1636007976899,
          "duration" : 6
        }
      }, {
        "uid" : "76e28c91cf42b2a9",
        "reportUrl" : "https://MohabMohie.github.io/using_SHAFT_ENGINE/allure/1116//#testresult/76e28c91cf42b2a9",
        "status" : "skipped",
        "statusDetails" : "unknown error: Chrome failed to start: crashed.\n  (unknown error: DevToolsActivePort file doesn't exist)\n  (The process started from chrome location /usr/bin/google-chrome is no longer running, so ChromeDriver is assuming that Chrome has crashed.)\nBuild info: version: '3.141.59', revision: 'e82be7d358', time: '2018-11-14T08:17:03'\nSystem info: host: 'fv-az290-301', ip: '10.1.1.138', os.name: 'Linux', os.arch: 'amd64', os.version: '5.11.0-1020-azure', java.version: '17.0.1'\nDriver info: driver.version: A_Search_FlatTest_NativeSeleniumWebDriver\nremote stacktrace: #0 0x560b680baf93 <unknown>\n#1 0x560b67b95908 <unknown>\n#2 0x560b67bb8b32 <unknown>\n#3 0x560b67bb465d <unknown>\n#4 0x560b67bee770 <unknown>\n#5 0x560b67be8973 <unknown>\n#6 0x560b67bbedf4 <unknown>\n#7 0x560b67bbfde5 <unknown>\n#8 0x560b680ea2be <unknown>\n#9 0x560b680ffba0 <unknown>\n#10 0x560b680eb215 <unknown>\n#11 0x560b68100fe8 <unknown>\n#12 0x560b680df9db <unknown>\n#13 0x560b6811c218 <unknown>\n#14 0x560b6811c398 <unknown>\n#15 0x560b681376cd <unknown>\n#16 0x7f8080651609 <unknown>\n",
        "time" : {
          "start" : 1635989606756,
          "stop" : 1635989606757,
          "duration" : 1
        }
      }, {
        "uid" : "94c9b7b8a0cf0a11",
        "reportUrl" : "https://MohabMohie.github.io/using_SHAFT_ENGINE/allure/1115//#testresult/94c9b7b8a0cf0a11",
        "status" : "skipped",
        "statusDetails" : "unknown error: Chrome failed to start: crashed.\n  (unknown error: DevToolsActivePort file doesn't exist)\n  (The process started from chrome location /usr/bin/google-chrome is no longer running, so ChromeDriver is assuming that Chrome has crashed.)\nBuild info: version: '3.141.59', revision: 'e82be7d358', time: '2018-11-14T08:17:03'\nSystem info: host: 'fv-az219-255', ip: '10.1.1.149', os.name: 'Linux', os.arch: 'amd64', os.version: '5.11.0-1020-azure', java.version: '17.0.1'\nDriver info: driver.version: A_Search_FlatTest_NativeSeleniumWebDriver\nremote stacktrace: #0 0x56176f402f93 <unknown>\n#1 0x56176eedd908 <unknown>\n#2 0x56176ef00b32 <unknown>\n#3 0x56176eefc65d <unknown>\n#4 0x56176ef36770 <unknown>\n#5 0x56176ef30973 <unknown>\n#6 0x56176ef06df4 <unknown>\n#7 0x56176ef07de5 <unknown>\n#8 0x56176f4322be <unknown>\n#9 0x56176f447ba0 <unknown>\n#10 0x56176f433215 <unknown>\n#11 0x56176f448fe8 <unknown>\n#12 0x56176f4279db <unknown>\n#13 0x56176f464218 <unknown>\n#14 0x56176f464398 <unknown>\n#15 0x56176f47f6cd <unknown>\n#16 0x7f940c8bf609 <unknown>\n",
        "time" : {
          "start" : 1635964705951,
          "stop" : 1635964705952,
          "duration" : 1
        }
      }, {
        "uid" : "59abb299bca20e8e",
        "reportUrl" : "https://MohabMohie.github.io/using_SHAFT_ENGINE/allure/1114//#testresult/59abb299bca20e8e",
        "status" : "skipped",
        "statusDetails" : "unknown error: Chrome failed to start: crashed.\n  (unknown error: DevToolsActivePort file doesn't exist)\n  (The process started from chrome location /usr/bin/google-chrome is no longer running, so ChromeDriver is assuming that Chrome has crashed.)\nBuild info: version: '3.141.59', revision: 'e82be7d358', time: '2018-11-14T08:17:03'\nSystem info: host: 'fv-az201-990', ip: '10.1.1.35', os.name: 'Linux', os.arch: 'amd64', os.version: '5.11.0-1020-azure', java.version: '17.0.1'\nDriver info: driver.version: A_Search_FlatTest_NativeSeleniumWebDriver\nremote stacktrace: #0 0x55af0bfb2f93 <unknown>\n#1 0x55af0ba8d908 <unknown>\n#2 0x55af0bab0b32 <unknown>\n#3 0x55af0baac65d <unknown>\n#4 0x55af0bae6770 <unknown>\n#5 0x55af0bae0973 <unknown>\n#6 0x55af0bab6df4 <unknown>\n#7 0x55af0bab7de5 <unknown>\n#8 0x55af0bfe22be <unknown>\n#9 0x55af0bff7ba0 <unknown>\n#10 0x55af0bfe3215 <unknown>\n#11 0x55af0bff8fe8 <unknown>\n#12 0x55af0bfd79db <unknown>\n#13 0x55af0c014218 <unknown>\n#14 0x55af0c014398 <unknown>\n#15 0x55af0c02f6cd <unknown>\n#16 0x7f3a99327609 <unknown>\n",
        "time" : {
          "start" : 1635943854348,
          "stop" : 1635943854350,
          "duration" : 2
        }
      }, {
        "uid" : "95dbba1ddddee0c2",
        "reportUrl" : "https://MohabMohie.github.io/using_SHAFT_ENGINE/allure/1113//#testresult/95dbba1ddddee0c2",
        "status" : "skipped",
        "statusDetails" : "unknown error: Chrome failed to start: exited abnormally.\n  (unknown error: DevToolsActivePort file doesn't exist)\n  (The process started from chrome location /usr/bin/google-chrome is no longer running, so ChromeDriver is assuming that Chrome has crashed.)\nBuild info: version: '3.141.59', revision: 'e82be7d358', time: '2018-11-14T08:17:03'\nSystem info: host: 'fv-az198-929', ip: '10.1.1.170', os.name: 'Linux', os.arch: 'amd64', os.version: '5.8.0-1042-azure', java.version: '17.0.1'\nDriver info: driver.version: A_Search_FlatTest_NativeSeleniumWebDriver\nremote stacktrace: #0 0x55a60c6ef8f3 <unknown>\n#1 0x55a60c1d4ba8 <unknown>\n#2 0x55a60c1f7e33 <unknown>\n#3 0x55a60c1f39ef <unknown>\n#4 0x55a60c22d995 <unknown>\n#5 0x55a60c227d63 <unknown>\n#6 0x55a60c1fe144 <unknown>\n#7 0x55a60c1ff135 <unknown>\n#8 0x55a60c71ec3e <unknown>\n#9 0x55a60c7346b7 <unknown>\n#10 0x55a60c71fb95 <unknown>\n#11 0x55a60c735b05 <unknown>\n#12 0x55a60c7142ab <unknown>\n#13 0x55a60c750248 <unknown>\n#14 0x55a60c7503c8 <unknown>\n#15 0x55a60c76b33d <unknown>\n#16 0x7f10f2748609 start_thread\n",
        "time" : {
          "start" : 1635921533883,
          "stop" : 1635921533886,
          "duration" : 3
        }
      }, {
        "uid" : "d0ff7c1e3deb9d30",
        "reportUrl" : "https://MohabMohie.github.io/using_SHAFT_ENGINE/allure/1112//#testresult/d0ff7c1e3deb9d30",
        "status" : "skipped",
        "statusDetails" : "unknown error: Chrome failed to start: exited abnormally.\n  (unknown error: DevToolsActivePort file doesn't exist)\n  (The process started from chrome location /usr/bin/google-chrome is no longer running, so ChromeDriver is assuming that Chrome has crashed.)\nBuild info: version: '3.141.59', revision: 'e82be7d358', time: '2018-11-14T08:17:03'\nSystem info: host: 'fv-az198-929', ip: '10.1.0.191', os.name: 'Linux', os.arch: 'amd64', os.version: '5.8.0-1042-azure', java.version: '17.0.1'\nDriver info: driver.version: A_Search_FlatTest_NativeSeleniumWebDriver\nremote stacktrace: #0 0x55a12e22f8f3 <unknown>\n#1 0x55a12dd14ba8 <unknown>\n#2 0x55a12dd37e33 <unknown>\n#3 0x55a12dd339ef <unknown>\n#4 0x55a12dd6d995 <unknown>\n#5 0x55a12dd67d63 <unknown>\n#6 0x55a12dd3e144 <unknown>\n#7 0x55a12dd3f135 <unknown>\n#8 0x55a12e25ec3e <unknown>\n#9 0x55a12e2746b7 <unknown>\n#10 0x55a12e25fb95 <unknown>\n#11 0x55a12e275b05 <unknown>\n#12 0x55a12e2542ab <unknown>\n#13 0x55a12e290248 <unknown>\n#14 0x55a12e2903c8 <unknown>\n#15 0x55a12e2ab33d <unknown>\n#16 0x7f993e0d6609 start_thread\n",
        "time" : {
          "start" : 1635917792344,
          "stop" : 1635917792352,
          "duration" : 8
        }
      }, {
        "uid" : "fdfaedb442b3726",
        "reportUrl" : "https://MohabMohie.github.io/using_SHAFT_ENGINE/allure/1111//#testresult/fdfaedb442b3726",
        "status" : "skipped",
        "statusDetails" : "unknown error: Chrome failed to start: exited abnormally.\n  (unknown error: DevToolsActivePort file doesn't exist)\n  (The process started from chrome location /usr/bin/google-chrome is no longer running, so ChromeDriver is assuming that Chrome has crashed.)\nBuild info: version: '3.141.59', revision: 'e82be7d358', time: '2018-11-14T08:17:03'\nSystem info: host: 'fv-az201-621', ip: '10.1.0.23', os.name: 'Linux', os.arch: 'amd64', os.version: '5.8.0-1042-azure', java.version: '17.0.1'\nDriver info: driver.version: A_Search_FlatTest_NativeSeleniumWebDriver\nremote stacktrace: #0 0x5602f8a918f3 <unknown>\n#1 0x5602f8576ba8 <unknown>\n#2 0x5602f8599e33 <unknown>\n#3 0x5602f85959ef <unknown>\n#4 0x5602f85cf995 <unknown>\n#5 0x5602f85c9d63 <unknown>\n#6 0x5602f85a0144 <unknown>\n#7 0x5602f85a1135 <unknown>\n#8 0x5602f8ac0c3e <unknown>\n#9 0x5602f8ad66b7 <unknown>\n#10 0x5602f8ac1b95 <unknown>\n#11 0x5602f8ad7b05 <unknown>\n#12 0x5602f8ab62ab <unknown>\n#13 0x5602f8af2248 <unknown>\n#14 0x5602f8af23c8 <unknown>\n#15 0x5602f8b0d33d <unknown>\n#16 0x7fc816f8a609 start_thread\n",
        "time" : {
          "start" : 1635902969233,
          "stop" : 1635902969234,
          "duration" : 1
        }
      }, {
        "uid" : "5181b0222fcd9696",
        "reportUrl" : "https://MohabMohie.github.io/using_SHAFT_ENGINE/allure/1109//#testresult/5181b0222fcd9696",
        "status" : "skipped",
        "statusDetails" : "unknown error: Chrome failed to start: exited abnormally.\n  (unknown error: DevToolsActivePort file doesn't exist)\n  (The process started from chrome location /usr/bin/google-chrome is no longer running, so ChromeDriver is assuming that Chrome has crashed.)\nBuild info: version: '3.141.59', revision: 'e82be7d358', time: '2018-11-14T08:17:03'\nSystem info: host: 'fv-az212-917', ip: '10.1.1.97', os.name: 'Linux', os.arch: 'amd64', os.version: '5.8.0-1042-azure', java.version: '17.0.1'\nDriver info: driver.version: A_Search_FlatTest_NativeSeleniumWebDriver\nremote stacktrace: #0 0x5635f4c3d8f3 <unknown>\n#1 0x5635f4722ba8 <unknown>\n#2 0x5635f4745e33 <unknown>\n#3 0x5635f47419ef <unknown>\n#4 0x5635f477b995 <unknown>\n#5 0x5635f4775d63 <unknown>\n#6 0x5635f474c144 <unknown>\n#7 0x5635f474d135 <unknown>\n#8 0x5635f4c6cc3e <unknown>\n#9 0x5635f4c826b7 <unknown>\n#10 0x5635f4c6db95 <unknown>\n#11 0x5635f4c83b05 <unknown>\n#12 0x5635f4c622ab <unknown>\n#13 0x5635f4c9e248 <unknown>\n#14 0x5635f4c9e3c8 <unknown>\n#15 0x5635f4cb933d <unknown>\n#16 0x7fb6d4a46609 start_thread\n",
        "time" : {
          "start" : 1635878273240,
          "stop" : 1635878273241,
          "duration" : 1
        }
      }, {
        "uid" : "6eadab97ba92b77e",
        "reportUrl" : "https://MohabMohie.github.io/using_SHAFT_ENGINE/allure/1108//#testresult/6eadab97ba92b77e",
        "status" : "skipped",
        "statusDetails" : "unknown error: Chrome failed to start: exited abnormally.\n  (unknown error: DevToolsActivePort file doesn't exist)\n  (The process started from chrome location /usr/bin/google-chrome is no longer running, so ChromeDriver is assuming that Chrome has crashed.)\nBuild info: version: '3.141.59', revision: 'e82be7d358', time: '2018-11-14T08:17:03'\nSystem info: host: 'fv-az198-929', ip: '10.1.0.221', os.name: 'Linux', os.arch: 'amd64', os.version: '5.8.0-1042-azure', java.version: '17.0.1'\nDriver info: driver.version: A_Search_FlatTest_NativeSeleniumWebDriver\nremote stacktrace: #0 0x56278a8b28f3 <unknown>\n#1 0x56278a397ba8 <unknown>\n#2 0x56278a3bae33 <unknown>\n#3 0x56278a3b69ef <unknown>\n#4 0x56278a3f0995 <unknown>\n#5 0x56278a3ead63 <unknown>\n#6 0x56278a3c1144 <unknown>\n#7 0x56278a3c2135 <unknown>\n#8 0x56278a8e1c3e <unknown>\n#9 0x56278a8f76b7 <unknown>\n#10 0x56278a8e2b95 <unknown>\n#11 0x56278a8f8b05 <unknown>\n#12 0x56278a8d72ab <unknown>\n#13 0x56278a913248 <unknown>\n#14 0x56278a9133c8 <unknown>\n#15 0x56278a92e33d <unknown>\n#16 0x7f06449dd609 start_thread\n",
        "time" : {
          "start" : 1635857686541,
          "stop" : 1635857686547,
          "duration" : 6
        }
      } ]
    },
    "tags" : [ ]
  },
  "source" : "3a1555d3e74edb8c.json",
  "parameterValues" : [ ]
}